2024-05-28 20:50:11, 28.1, 12.0, 8.2, 1.8, 8.9, 8.2
2024-05-28 20:50:13, 28.1, 12.3, 8.2, 1.8, 8.9, 8.2
2024-05-28 20:50:15, 28.1, 12.3, 8.2, 1.8, 8.9, 8.2
2024-05-28 20:50:17, 28.1, 12.5, 8.2, 1.8, 8.9, 8.2
2024-05-28 20:50:19, 28.1, 12.5, 8.2, 1.8, 8.9, 8.2
2024-05-28 20:50:22, 28.1, 12.1, 8.2, 1.8, 8.9, 8.2
2024-05-28 20:50:24, 28.1, 12.2, 8.2, 1.8, 8.9, 8.2
2024-05-28 20:50:26, 28.1, 13.1, 8.2, 1.8, 8.9, 8.2
2024-05-28 20:50:28, 28.1, 12.1, 8.2, 1.8, 8.9, 8.2
2024-05-28 20:50:30, 28.1, 11.3, 8.2, 1.8, 8.9, 8.2
2024-05-28 20:50:32, 28.1, 13.0, 8.2, 1.8, 8.9, 8.2
2024-05-28 20:50:34, 28.1, 11.3, 8.2, 1.8, 8.9, 8.2
2024-05-28 20:50:36, 28.1, 11.3, 8.2, 1.8, 8.9, 8.2
2024-05-28 20:50:38, 28.1, 12.3, 8.2, 1.8, 8.9, 8.2
2024-05-28 20:50:41, 28.1, 12.8, 8.2, 1.8, 8.9, 8.2
2024-05-28 20:50:43, 28.1, 12.7, 8.2, 1.8, 8.9, 8.2
2024-05-28 20:50:45, 28.1, 11.3, 8.2, 1.8, 8.9, 8.2
2024-05-28 20:50:47, 28.1, 12.5, 8.2, 1.8, 8.9, 8.2
2024-05-28 20:50:49, 28.1, 11.7, 8.2, 1.8, 8.9, 8.2
2024-05-28 20:50:51, 28.1, 11.6, 8.2, 1.8, 8.9, 8.2
2024-05-28 20:50:53, 28.1, 12.2, 8.2, 1.8, 8.9, 8.2
2024-05-28 20:50:56, 28.1, 11.3, 8.2, 1.8, 8.9, 8.2
2024-05-28 20:50:58, 28.1, 12.2, 8.2, 1.8, 8.9, 8.2
2024-05-28 20:51:00, 28.1, 11.8, 8.2, 1.8, 8.9, 8.2
2024-05-28 20:51:02, 28.1, 12.3, 8.2, 1.8, 8.9, 8.2
2024-05-28 20:51:04, 28.1, 11.7, 8.2, 1.8, 8.9, 8.2
2024-05-28 20:51:06, 28.1, 12.3, 8.2, 1.8, 8.9, 8.2
2024-05-28 20:51:08, 28.1, 12.8, 8.2, 1.8, 8.9, 8.2
2024-05-28 20:51:10, 28.1, 11.3, 8.2, 1.8, 8.9, 8.2
2024-05-28 20:51:12, 28.1, 11.7, 8.2, 1.8, 8.9, 8.2
2024-05-28 20:51:15, 28.1, 11.6, 8.2, 1.8, 8.9, 8.2
2024-05-28 20:51:17, 28.1, 12.0, 8.2, 1.8, 8.9, 8.2
2024-05-28 20:51:19, 28.1, 11.8, 8.2, 1.8, 8.9, 8.2
2024-05-28 20:51:21, 28.1, 12.3, 8.2, 1.8, 8.9, 8.2
2024-05-28 20:51:23, 28.1, 12.5, 8.2, 1.8, 8.9, 8.2
2024-05-28 20:51:25, 28.1, 11.6, 8.2, 1.8, 8.9, 8.2
2024-05-28 20:51:27, 28.1, 11.6, 8.2, 1.8, 8.9, 8.2
2024-05-28 20:51:29, 28.1, 12.0, 8.2, 1.8, 8.9, 8.2
2024-05-28 20:51:32, 28.1, 11.6, 8.2, 1.8, 8.9, 8.2
2024-05-28 20:51:34, 28.1, 11.3, 8.2, 1.8, 8.9, 8.2
2024-05-28 20:51:36, 28.1, 12.3, 8.2, 1.8, 8.9, 8.2
2024-05-28 20:51:38, 28.1, 11.3, 8.2, 1.8, 8.9, 8.2
2024-05-28 20:51:40, 28.1, 12.3, 8.2, 1.8, 8.9, 8.2
2024-05-28 20:51:42, 28.1, 12.2, 8.3, 1.8, 8.9, 8.2
2024-05-28 20:51:44, 28.1, 12.2, 8.3, 1.8, 8.9, 8.2
2024-05-28 20:51:47, 28.1, 11.3, 8.3, 1.8, 8.9, 8.2
2024-05-28 20:51:49, 28.1, 11.2, 8.3, 1.8, 8.9, 8.2
2024-05-28 20:51:51, 28.1, 11.3, 8.2, 1.8, 8.9, 8.2
2024-05-28 20:51:55, 28.1, 12.3, 8.3, 1.8, 8.9, 8.2
2024-05-28 20:51:59, 28.1, 11.3, 8.3, 1.8, 8.9, 8.2
2024-05-28 20:52:03, 28.1, 13.2, 8.3, 1.8, 8.9, 8.2
2024-05-28 20:52:07, 28.1, 12.2, 8.3, 1.8, 8.9, 8.2
2024-05-28 20:52:12, 28.1, 11.6, 8.3, 1.8, 8.9, 8.2
2024-05-28 20:52:16, 28.1, 12.2, 8.3, 1.8, 8.9, 8.2
2024-05-28 20:52:22, 28.1, 11.7, 8.3, 1.8, 8.9, 8.2
2024-05-28 20:52:24, 28.1, 11.8, 8.3, 1.8, 8.9, 8.2
2024-05-28 20:52:26, 28.1, 12.1, 8.3, 1.8, 8.9, 8.2
2024-05-28 20:52:30, 28.1, 11.3, 8.3, 1.8, 8.9, 8.2
2024-05-28 20:52:32, 28.1, 11.8, 8.3, 1.8, 8.9, 8.2
2024-05-28 20:52:36, 28.1, 11.3, 8.3, 1.8, 8.9, 8.2
2024-05-28 20:52:41, 28.1, 11.8, 8.3, 1.8, 8.9, 8.2
2024-05-28 20:52:43, 28.1, 12.2, 8.3, 1.8, 8.9, 8.2
2024-05-28 20:52:45, 28.1, 12.2, 8.3, 1.8, 8.9, 8.2
2024-05-28 20:52:47, 28.1, 11.2, 8.3, 1.8, 8.9, 8.2
2024-05-28 20:52:49, 28.1, 12.1, 8.3, 1.8, 8.9, 8.2
2024-05-28 20:52:51, 28.1, 11.7, 8.3, 1.8, 8.9, 8.2
2024-05-28 20:52:53, 28.1, 11.8, 8.3, 1.8, 8.9, 8.2
2024-05-28 20:52:56, 28.1, 12.2, 8.3, 1.8, 8.9, 8.2
2024-05-28 20:52:58, 28.1, 11.8, 8.3, 1.8, 8.9, 8.2
2024-05-28 20:53:00, 28.1, 11.3, 8.3, 1.8, 8.9, 8.2
2024-05-28 20:53:02, 28.1, 11.5, 8.3, 1.8, 8.9, 8.2
2024-05-28 20:53:04, 28.1, 11.3, 8.3, 1.8, 8.9, 8.2
2024-05-28 20:53:06, 28.1, 12.2, 8.3, 1.8, 8.9, 8.2
2024-05-28 20:53:08, 28.1, 11.8, 8.3, 1.8, 8.9, 8.2
2024-05-28 20:53:10, 28.1, 11.7, 8.3, 1.8, 8.9, 8.2
2024-05-28 20:53:12, 28.1, 12.0, 8.3, 1.8, 8.9, 8.2
2024-05-28 20:53:15, 28.1, 12.0, 8.3, 1.8, 8.9, 8.2
2024-05-28 20:53:17, 28.1, 12.2, 8.3, 1.8, 8.9, 8.2
2024-05-28 20:53:19, 28.1, 12.8, 8.3, 1.8, 8.9, 8.2
2024-05-28 20:53:21, 28.1, 11.8, 8.3, 1.8, 8.9, 8.2
2024-05-28 20:53:23, 28.1, 12.4, 8.3, 1.8, 8.9, 8.2
2024-05-28 20:53:25, 28.1, 12.4, 8.3, 1.8, 8.9, 8.2
2024-05-28 20:53:27, 28.1, 11.3, 8.3, 1.8, 8.9, 8.2
2024-05-28 20:53:30, 28.1, 11.6, 8.3, 1.8, 8.9, 8.2
2024-05-28 20:53:32, 28.1, 12.5, 8.3, 1.8, 8.9, 8.2
2024-05-28 20:53:34, 28.1, 12.3, 8.3, 1.8, 8.9, 8.2
2024-05-28 20:53:36, 28.1, 12.2, 8.3, 1.8, 8.9, 8.2
2024-05-28 20:53:38, 28.1, 12.2, 8.3, 1.8, 8.9, 8.2
2024-05-28 20:53:40, 28.1, 12.2, 8.3, 1.8, 8.9, 8.2
2024-05-28 20:53:42, 28.1, 12.2, 8.3, 1.8, 8.9, 8.2
2024-05-28 20:53:44, 28.1, 12.2, 8.3, 1.8, 8.9, 8.2
2024-05-28 20:53:47, 28.1, 12.2, 8.3, 1.8, 8.9, 8.2
2024-05-28 20:53:49, 28.1, 12.2, 8.3, 1.8, 8.9, 8.2
2024-05-28 20:53:51, 28.1, 11.8, 8.3, 1.8, 8.9, 8.2
2024-05-28 20:53:53, 28.1, 11.3, 8.3, 1.8, 8.9, 8.2
2024-05-28 20:53:55, 28.1, 12.2, 8.3, 1.8, 8.9, 8.2
2024-05-28 20:53:57, 28.1, 12.2, 8.3, 1.8, 8.9, 8.2
2024-05-28 20:53:59, 28.1, 13.0, 8.3, 1.8, 8.9, 8.2
2024-05-28 20:54:01, 28.1, 12.0, 8.3, 1.8, 8.9, 8.2
2024-05-28 20:54:03, 28.1, 11.2, 8.3, 1.8, 8.9, 8.2
2024-05-28 20:54:06, 28.1, 11.5, 8.3, 1.8, 8.9, 8.2
2024-05-28 20:54:08, 28.1, 12.3, 8.3, 1.8, 8.9, 8.2
2024-05-28 20:54:10, 28.1, 12.5, 8.3, 1.8, 8.9, 8.2
2024-05-28 20:54:16, 28.1, 11.3, 8.3, 1.8, 8.9, 8.2
2024-05-28 20:54:18, 28.1, 11.7, 8.3, 1.8, 8.9, 8.2
2024-05-28 20:54:20, 28.1, 13.1, 8.3, 1.8, 8.9, 8.2
2024-05-28 20:54:22, 28.1, 11.6, 8.3, 1.8, 8.9, 8.2
2024-05-28 20:54:24, 28.1, 11.6, 8.3, 1.8, 8.9, 8.2
2024-05-28 20:54:26, 28.1, 11.5, 8.3, 1.8, 8.9, 8.2
2024-05-28 20:54:28, 28.1, 12.2, 8.3, 1.8, 8.9, 8.2
2024-05-28 20:54:31, 28.1, 12.1, 8.3, 1.8, 8.9, 8.2
2024-05-28 20:54:33, 28.1, 12.2, 8.2, 1.8, 8.9, 8.2
2024-05-28 20:54:35, 28.1, 12.4, 8.2, 1.8, 8.9, 8.2
2024-05-28 20:54:37, 28.1, 11.6, 8.2, 1.8, 8.9, 8.2
2024-05-28 20:54:39, 28.1, 11.6, 8.2, 1.8, 8.9, 8.2
2024-05-28 20:54:41, 28.1, 12.2, 8.2, 1.8, 8.9, 8.2
2024-05-28 20:54:43, 28.1, 10.4, 8.2, 1.8, 8.9, 8.2
2024-05-28 20:54:45, 28.1, 9.5, 8.1, 1.8, 8.9, 8.2
2024-05-28 20:54:48, 28.1, 9.6, 8.1, 1.4, 7.8, 7.1
2024-05-28 20:54:50, 28.1, 8.9, 7.9, 0.9, 6.8, 6.0
2024-05-28 20:54:52, 28.1, 2.1, 7.9, 0.0, 0.0, 0.0
2024-05-28 20:54:54, 27.8, 0.0, 8.2, 0.0, 0.0, 0.0
2024-05-28 20:54:56, 27.7, 0.0, 8.2, 0.0, 0.0, 0.0
2024-05-28 20:54:58, 27.5, 0.0, 9.0, 0.0, 0.0, 0.0
2024-05-28 20:55:00, 27.4, 0.0, 9.0, 0.0, 0.0, 0.0
2024-05-28 20:55:02, 27.3, 13.3, 9.0, 0.0, 0.0, 0.0
2024-05-28 20:55:04, 27.4, 12.9, 9.0, 0.9, 6.9, 6.1
2024-05-28 20:55:07, 27.5, 13.5, 9.0, 2.2, 9.7, 9.0
2024-05-28 20:55:09, 27.6, 13.6, 9.0, 2.2, 9.7, 9.0
2024-05-28 20:55:11, 27.7, 12.9, 9.0, 2.2, 9.8, 9.0
2024-05-28 20:55:13, 27.7, 2.7, 9.0, 2.2, 9.8, 9.0
2024-05-28 20:55:15, 27.7, 0.0, 9.0, 0.0, 0.0, 0.0
2024-05-28 20:55:17, 27.4, 3.3, 9.0, 0.0, 0.0, 0.0
2024-05-28 20:55:19, 27.2, 2.3, 9.0, 0.0, 4.1, 3.3
2024-05-28 20:55:22, 27.1, 2.5, 9.0, 0.0, 4.1, 3.3
2024-05-28 20:55:24, 26.8, 2.6, 9.0, 0.0, 4.1, 3.3
2024-05-28 20:55:26, 26.8, 0.0, 9.0, 0.0, 4.1, 3.3
2024-05-28 20:55:28, 26.7, 2.3, 9.0, 0.0, 4.1, 3.3
2024-05-28 20:55:30, 26.6, 2.0, 9.0, 0.0, 4.1, 3.3
2024-05-28 20:55:32, 26.5, 2.4, 9.0, 0.0, 4.1, 3.3
2024-05-28 20:55:34, 26.4, 2.0, 9.0, 0.0, 4.1, 3.3
2024-05-28 20:55:36, 26.3, 0.0, 9.0, 0.0, 4.1, 3.3
2024-05-28 20:55:38, 26.2, 2.0, 9.0, 0.0, 4.1, 3.3
2024-05-28 20:55:41, 26.0, 3.4, 9.0, 0.0, 0.0, 0.0
2024-05-28 20:55:43, 26.0, 2.0, 9.0, 0.0, 0.0, 0.0
2024-05-28 20:55:45, 25.9, 0.0, 9.0, 0.0, 4.1, 3.3
2024-05-28 20:55:47, 25.8, 2.4, 9.0, 0.0, 0.0, 0.0
2024-05-28 20:55:49, 25.7, 2.2, 9.0, 0.0, 4.1, 3.3
2024-05-28 20:55:51, 25.7, 0.0, 9.0, 0.0, 0.0, 0.0
2024-05-28 20:55:53, 25.5, 2.5, 9.0, 0.0, 0.0, 0.0
2024-05-28 20:55:55, 25.5, 2.0, 9.0, 0.0, 4.1, 3.3
2024-05-28 20:55:58, 25.4, 2.2, 9.0, 0.0, 4.1, 3.3
2024-05-28 20:56:00, 25.4, 11.6, 9.0, 0.0, 4.1, 3.3
2024-05-28 20:56:02, 26.1, 13.4, 9.0, 0.8, 6.5, 5.8
2024-05-28 20:56:04, 26.5, 12.1, 9.0, 1.9, 9.0, 8.3
2024-05-28 20:56:06, 26.7, 12.2, 9.0, 1.9, 9.1, 8.3
2024-05-28 20:56:08, 27.0, 12.1, 9.0, 1.9, 9.1, 8.3
2024-05-28 20:56:10, 27.1, 12.2, 9.0, 1.9, 9.1, 8.3
2024-05-28 20:56:12, 27.3, 12.2, 9.0, 1.9, 9.1, 8.3
2024-05-28 20:56:15, 27.3, 12.4, 9.0, 1.9, 9.1, 8.3
2024-05-28 20:56:17, 27.4, 12.0, 8.9, 1.9, 9.1, 8.3
2024-05-28 20:56:19, 27.5, 12.6, 8.9, 1.9, 9.1, 8.4
2024-05-28 20:56:21, 27.5, 12.2, 8.8, 1.9, 9.1, 8.3
2024-05-28 20:56:23, 27.6, 12.2, 8.8, 1.9, 9.1, 8.3
2024-05-28 20:56:25, 27.6, 12.0, 8.7, 1.9, 9.1, 8.3
2024-05-28 20:56:27, 27.6, 12.1, 8.6, 1.9, 9.1, 8.3
2024-05-28 20:56:29, 27.6, 12.8, 8.6, 1.9, 9.1, 8.4
2024-05-28 20:56:32, 27.7, 12.6, 8.6, 1.9, 9.1, 8.4
2024-05-28 20:56:34, 27.7, 12.4, 8.6, 1.9, 9.1, 8.4
2024-05-28 20:56:36, 27.7, 12.1, 8.6, 1.9, 9.1, 8.4
2024-05-28 20:56:38, 27.7, 12.2, 8.5, 1.9, 9.1, 8.4
2024-05-28 20:56:40, 27.8, 12.4, 8.5, 1.9, 9.1, 8.4
2024-05-28 20:56:42, 27.7, 12.2, 8.5, 1.9, 9.1, 8.4
2024-05-28 20:56:44, 27.7, 12.4, 8.5, 1.9, 9.1, 8.4
2024-05-28 20:56:46, 27.8, 12.2, 8.4, 1.9, 9.1, 8.4
2024-05-28 20:56:49, 27.7, 12.6, 8.4, 1.9, 9.1, 8.4
2024-05-28 20:56:51, 27.8, 12.4, 8.4, 1.9, 9.1, 8.4
2024-05-28 20:56:53, 27.8, 12.4, 8.4, 1.9, 9.1, 8.4
2024-05-28 20:56:55, 27.8, 11.6, 8.4, 1.9, 9.1, 8.4
2024-05-28 20:56:57, 27.8, 12.2, 8.4, 1.9, 9.1, 8.4
2024-05-28 20:56:59, 27.8, 12.2, 8.4, 1.9, 9.1, 8.4
2024-05-28 20:57:01, 27.8, 11.8, 8.3, 1.9, 9.1, 8.4
2024-05-28 20:57:03, 27.8, 12.4, 8.3, 1.9, 9.1, 8.4
2024-05-28 20:57:06, 27.8, 12.7, 8.3, 2.0, 9.2, 8.4
2024-05-28 20:57:08, 27.8, 11.8, 8.3, 2.0, 9.2, 8.4
2024-05-28 20:57:10, 27.8, 12.8, 8.3, 2.0, 9.2, 8.4
2024-05-28 20:57:12, 27.8, 12.8, 8.3, 2.0, 9.2, 8.4
2024-05-28 20:57:14, 27.9, 11.8, 8.3, 2.0, 9.2, 8.4
2024-05-28 20:57:16, 27.8, 12.4, 8.3, 2.0, 9.2, 8.4
2024-05-28 20:57:18, 27.9, 11.8, 8.2, 2.0, 9.2, 8.4
2024-05-28 20:57:23, 27.9, 12.1, 8.2, 2.0, 9.2, 8.4
2024-05-28 20:57:25, 27.9, 12.9, 8.2, 2.0, 9.2, 8.4
2024-05-28 20:57:27, 27.9, 12.6, 8.2, 2.0, 9.2, 8.4
2024-05-28 20:57:29, 27.9, 12.8, 8.2, 2.0, 9.2, 8.4
2024-05-28 20:57:31, 27.9, 12.6, 8.2, 2.0, 9.2, 8.4
2024-05-28 20:57:33, 27.9, 11.6, 8.2, 2.0, 9.2, 8.4
2024-05-28 20:57:35, 27.9, 12.2, 8.2, 2.0, 9.2, 8.4
2024-05-28 20:57:38, 27.9, 12.2, 8.2, 2.0, 9.2, 8.4
2024-05-28 20:57:40, 27.9, 12.8, 8.2, 2.0, 9.2, 8.4
2024-05-28 20:57:42, 27.9, 12.8, 8.2, 2.0, 9.2, 8.4
2024-05-28 20:57:44, 27.9, 12.4, 8.2, 2.0, 9.2, 8.4
2024-05-28 20:57:46, 27.9, 12.1, 8.2, 2.0, 9.2, 8.4
2024-05-28 20:57:48, 27.9, 13.3, 8.1, 2.0, 9.2, 8.4
2024-05-28 20:57:50, 27.9, 12.2, 8.1, 2.0, 9.2, 8.4
2024-05-28 20:57:52, 27.9, 12.2, 8.1, 2.0, 9.2, 8.4
2024-05-28 20:57:55, 27.9, 12.1, 8.1, 2.0, 9.2, 8.4
2024-05-28 20:57:57, 27.9, 12.2, 8.1, 2.0, 9.2, 8.4
2024-05-28 20:57:59, 27.9, 12.1, 8.1, 2.0, 9.2, 8.4
2024-05-28 20:58:01, 27.9, 12.2, 8.1, 2.0, 9.2, 8.4
2024-05-28 20:58:05, 27.9, 12.5, 8.1, 2.0, 9.2, 8.4
2024-05-28 20:58:07, 27.9, 12.2, 8.1, 2.0, 9.2, 8.4
2024-05-28 20:58:09, 27.9, 12.2, 8.1, 2.0, 9.2, 8.4
2024-05-28 20:58:11, 27.9, 11.6, 8.1, 2.0, 9.2, 8.4
2024-05-28 20:58:14, 27.9, 11.8, 8.1, 2.0, 9.2, 8.4
2024-05-28 20:58:16, 27.9, 13.2, 8.1, 2.0, 9.2, 8.4
2024-05-28 20:58:18, 27.9, 12.7, 8.1, 2.0, 9.2, 8.4
2024-05-28 20:58:20, 27.9, 12.1, 8.1, 2.0, 9.2, 8.5
2024-05-28 20:58:22, 27.9, 11.8, 8.1, 2.0, 9.2, 8.4
2024-05-28 20:58:24, 27.9, 12.8, 8.1, 2.0, 9.2, 8.4
2024-05-28 20:58:26, 27.9, 12.8, 8.1, 2.0, 9.2, 8.4
2024-05-28 20:58:29, 27.9, 12.2, 8.1, 2.0, 9.2, 8.4
2024-05-28 20:58:31, 27.9, 12.2, 8.1, 2.0, 9.2, 8.4
2024-05-28 20:58:33, 27.9, 13.0, 8.1, 2.0, 9.2, 8.4
2024-05-28 20:58:35, 27.9, 12.4, 8.1, 2.0, 9.2, 8.5
2024-05-28 20:58:37, 27.9, 13.2, 8.1, 2.0, 9.2, 8.4
2024-05-28 20:58:39, 27.9, 12.1, 8.1, 2.0, 9.2, 8.4
2024-05-28 20:58:41, 27.9, 12.0, 8.1, 2.0, 9.2, 8.4
2024-05-28 20:58:43, 27.9, 12.4, 8.1, 2.0, 9.2, 8.5
2024-05-28 20:58:46, 27.9, 12.3, 8.1, 2.0, 9.2, 8.4
2024-05-28 20:58:48, 27.9, 12.2, 8.1, 2.0, 9.2, 8.4
2024-05-28 20:58:50, 27.9, 12.8, 8.1, 2.0, 9.2, 8.4
2024-05-28 20:58:52, 27.9, 12.3, 8.1, 2.0, 9.2, 8.4
2024-05-28 20:58:54, 27.9, 12.3, 8.1, 2.0, 9.2, 8.5
2024-05-28 20:58:56, 27.9, 12.8, 8.1, 2.0, 9.2, 8.4
2024-05-28 20:58:58, 27.9, 11.8, 8.1, 2.0, 9.2, 8.4
2024-05-28 20:59:00, 27.9, 12.4, 8.1, 2.0, 9.2, 8.5
2024-05-28 20:59:03, 27.9, 12.6, 8.1, 2.0, 9.2, 8.5
2024-05-28 20:59:05, 27.9, 12.1, 8.1, 2.0, 9.2, 8.5
2024-05-28 20:59:07, 27.9, 12.2, 8.1, 2.0, 9.2, 8.5
2024-05-28 20:59:09, 27.9, 12.2, 8.1, 2.0, 9.2, 8.5
2024-05-28 20:59:11, 27.9, 12.8, 8.0, 2.0, 9.2, 8.5
2024-05-28 20:59:13, 27.9, 12.2, 8.1, 2.0, 9.2, 8.5
2024-05-28 20:59:15, 27.9, 11.8, 8.1, 2.0, 9.2, 8.5
2024-05-28 20:59:17, 28.0, 12.3, 8.0, 2.0, 9.2, 8.5
2024-05-28 20:59:20, 27.9, 12.4, 8.0, 2.0, 9.2, 8.5
2024-05-28 20:59:22, 27.9, 12.4, 8.0, 2.0, 9.2, 8.5
2024-05-28 20:59:24, 27.9, 12.3, 8.0, 2.0, 9.2, 8.5
2024-05-28 20:59:26, 27.9, 12.2, 8.0, 2.0, 9.2, 8.5
2024-05-28 20:59:28, 27.9, 12.4, 8.0, 2.0, 9.2, 8.5
2024-05-28 20:59:30, 27.9, 12.2, 8.0, 2.0, 9.2, 8.5
2024-05-28 20:59:33, 27.9, 12.9, 8.0, 2.0, 9.2, 8.5
2024-05-28 20:59:35, 27.9, 12.2, 8.0, 2.0, 9.2, 8.5
2024-05-28 20:59:37, 27.9, 12.6, 8.0, 2.0, 9.2, 8.5
2024-05-28 20:59:39, 27.9, 12.2, 8.0, 2.0, 9.2, 8.5
2024-05-28 20:59:41, 28.0, 12.6, 8.0, 2.0, 9.2, 8.5
2024-05-28 20:59:43, 27.9, 12.3, 8.0, 2.0, 9.2, 8.5
2024-05-28 20:59:45, 27.9, 12.1, 8.0, 2.0, 9.2, 8.5
2024-05-28 20:59:47, 28.0, 12.2, 8.0, 2.0, 9.2, 8.5
2024-05-28 20:59:50, 27.9, 13.2, 8.0, 2.0, 9.2, 8.5
2024-05-28 20:59:52, 27.9, 12.8, 8.0, 2.0, 9.2, 8.5
2024-05-28 20:59:54, 27.9, 13.1, 8.0, 2.0, 9.2, 8.5
2024-05-28 20:59:56, 27.9, 12.2, 8.0, 2.0, 9.2, 8.5
2024-05-28 20:59:58, 27.9, 12.7, 8.0, 2.0, 9.2, 8.5
2024-05-28 21:00:00, 27.9, 12.4, 8.0, 2.0, 9.2, 8.5
2024-05-28 21:00:02, 27.9, 12.0, 8.0, 2.0, 9.2, 8.5
2024-05-28 21:00:04, 27.9, 12.2, 8.0, 2.0, 9.2, 8.5
2024-05-28 21:00:07, 27.9, 11.8, 8.0, 2.0, 9.2, 8.5
2024-05-28 21:00:09, 27.9, 12.2, 8.0, 2.0, 9.2, 8.5
2024-05-28 21:00:11, 27.9, 12.2, 8.0, 2.0, 9.2, 8.5
2024-05-28 21:00:13, 27.9, 12.2, 8.0, 2.0, 9.2, 8.5
2024-05-28 21:00:17, 27.9, 12.4, 8.0, 2.0, 9.2, 8.5
2024-05-28 21:00:21, 28.0, 11.8, 8.0, 2.0, 9.2, 8.5
2024-05-28 21:00:25, 27.9, 12.8, 8.0, 2.0, 9.2, 8.5
2024-05-28 21:00:29, 27.9, 12.2, 8.0, 2.0, 9.2, 8.5
2024-05-28 21:00:33, 28.0, 12.6, 8.0, 2.0, 9.2, 8.5
2024-05-28 21:00:38, 27.9, 12.2, 8.0, 2.0, 9.2, 8.5
2024-05-28 21:00:40, 28.0, 12.2, 8.0, 2.0, 9.2, 8.5
2024-05-28 21:00:42, 27.9, 11.6, 8.0, 2.0, 9.2, 8.5
2024-05-28 21:00:44, 27.9, 12.8, 8.0, 2.0, 9.2, 8.5
2024-05-28 21:00:46, 28.0, 11.8, 8.0, 2.0, 9.2, 8.5
2024-05-28 21:00:48, 28.0, 12.1, 8.0, 2.0, 9.2, 8.5
2024-05-28 21:00:50, 28.0, 12.8, 8.1, 2.0, 9.2, 8.5
2024-05-28 21:00:53, 27.9, 12.0, 8.1, 2.0, 9.2, 8.5
2024-05-28 21:00:55, 28.0, 12.4, 8.1, 2.0, 9.2, 8.5
2024-05-28 21:00:57, 28.0, 12.2, 8.1, 2.0, 9.2, 8.5
2024-05-28 21:00:59, 27.9, 12.8, 8.1, 2.0, 9.2, 8.5
2024-05-28 21:01:01, 28.0, 12.2, 8.1, 2.0, 9.2, 8.5
2024-05-28 21:01:03, 27.9, 13.3, 8.1, 2.0, 9.2, 8.5
2024-05-28 21:01:05, 27.9, 12.8, 8.1, 2.0, 9.2, 8.5
2024-05-28 21:01:07, 27.9, 12.8, 8.1, 2.0, 9.2, 8.5
2024-05-28 21:01:09, 27.9, 12.3, 8.1, 2.0, 9.2, 8.5
2024-05-28 21:01:12, 28.0, 12.2, 8.1, 2.0, 9.2, 8.5
2024-05-28 21:01:14, 28.0, 12.1, 8.1, 2.0, 9.2, 8.5
2024-05-28 21:01:16, 28.0, 12.4, 8.1, 2.0, 9.2, 8.5
2024-05-28 21:01:18, 28.0, 12.2, 8.1, 2.0, 9.2, 8.5
2024-05-28 21:01:20, 27.9, 12.2, 8.1, 2.0, 9.2, 8.5
2024-05-28 21:01:22, 28.0, 13.2, 8.1, 2.0, 9.2, 8.5
2024-05-28 21:01:24, 27.9, 12.8, 8.1, 2.0, 9.2, 8.5
2024-05-28 21:01:26, 28.0, 11.8, 8.1, 2.0, 9.2, 8.5
2024-05-28 21:01:29, 27.9, 12.8, 8.1, 2.0, 9.2, 8.5
2024-05-28 21:01:31, 28.0, 11.6, 8.1, 2.0, 9.2, 8.5
2024-05-28 21:01:33, 28.0, 12.2, 8.1, 2.0, 9.2, 8.5
2024-05-28 21:01:35, 27.9, 12.8, 8.1, 2.0, 9.2, 8.5
2024-05-28 21:01:37, 28.0, 12.2, 8.1, 2.0, 9.2, 8.5
2024-05-28 21:01:39, 28.0, 12.2, 8.1, 2.0, 9.2, 8.5
2024-05-28 21:01:41, 27.9, 12.4, 8.1, 2.0, 9.2, 8.5
2024-05-28 21:01:44, 27.9, 12.2, 8.1, 2.0, 9.2, 8.5
2024-05-28 21:01:46, 28.0, 12.2, 8.1, 2.0, 9.2, 8.5
2024-05-28 21:01:48, 28.0, 12.7, 8.1, 2.0, 9.2, 8.5
2024-05-28 21:01:50, 28.0, 12.2, 8.1, 2.0, 9.2, 8.5
2024-05-28 21:01:52, 28.0, 12.6, 8.1, 2.0, 9.2, 8.5
2024-05-28 21:01:54, 27.9, 12.4, 8.1, 2.0, 9.2, 8.5
2024-05-28 21:01:56, 28.0, 12.4, 8.1, 2.0, 9.2, 8.5
2024-05-28 21:01:58, 28.0, 12.2, 8.1, 2.0, 9.2, 8.5
2024-05-28 21:02:01, 27.9, 13.7, 8.1, 2.0, 9.2, 8.5
2024-05-28 21:02:03, 28.0, 12.8, 8.1, 2.0, 9.2, 8.5
2024-05-28 21:02:05, 28.0, 12.2, 8.1, 2.0, 9.2, 8.5
2024-05-28 21:02:07, 28.0, 12.0, 8.1, 2.0, 9.2, 8.5
2024-05-28 21:02:09, 28.0, 12.8, 8.1, 2.0, 9.2, 8.5
2024-05-28 21:02:11, 28.0, 12.3, 8.1, 2.0, 9.2, 8.5
2024-05-28 21:02:13, 28.0, 12.3, 8.1, 2.0, 9.2, 8.5
2024-05-28 21:02:16, 28.0, 12.2, 8.1, 2.0, 9.2, 8.5
2024-05-28 21:02:18, 28.0, 12.8, 8.1, 2.0, 9.2, 8.5
2024-05-28 21:02:20, 28.0, 12.4, 8.1, 2.0, 9.2, 8.5
2024-05-28 21:02:22, 28.0, 12.2, 8.1, 2.0, 9.2, 8.5
2024-05-28 21:02:26, 28.0, 11.8, 8.1, 2.0, 9.2, 8.5
2024-05-28 21:02:30, 28.0, 12.2, 8.1, 2.0, 9.2, 8.5
2024-05-28 21:02:34, 28.0, 12.0, 8.1, 2.0, 9.2, 8.5
2024-05-28 21:02:38, 28.0, 12.2, 8.1, 2.0, 9.2, 8.5
2024-05-28 21:02:43, 28.0, 12.2, 8.1, 2.0, 9.2, 8.5
2024-05-28 21:02:45, 28.0, 12.3, 8.1, 2.0, 9.2, 8.5
2024-05-28 21:02:47, 28.0, 12.2, 8.1, 2.0, 9.2, 8.5
2024-05-28 21:02:49, 28.0, 11.6, 8.1, 2.0, 9.2, 8.5
2024-05-28 21:02:51, 28.0, 13.0, 8.1, 2.0, 9.2, 8.5
2024-05-28 21:02:53, 28.0, 12.2, 8.1, 2.0, 9.2, 8.5
2024-05-28 21:02:55, 28.0, 12.8, 8.1, 2.0, 9.2, 8.5
2024-05-28 21:02:57, 28.0, 12.0, 8.1, 2.0, 9.2, 8.5
2024-05-28 21:03:00, 28.0, 12.8, 8.1, 2.0, 9.2, 8.5
2024-05-28 21:03:02, 28.0, 12.2, 8.1, 2.0, 9.2, 8.5
2024-05-28 21:03:04, 28.0, 12.7, 8.1, 2.0, 9.2, 8.5
2024-05-28 21:03:06, 28.0, 12.7, 8.1, 2.0, 9.2, 8.5
2024-05-28 21:03:08, 28.0, 12.2, 8.1, 2.0, 9.2, 8.5
2024-05-28 21:03:10, 27.9, 12.1, 8.1, 2.0, 9.2, 8.5
2024-05-28 21:03:12, 28.0, 12.2, 8.1, 2.0, 9.2, 8.5
2024-05-28 21:03:15, 28.0, 12.4, 8.1, 2.0, 9.2, 8.5
2024-05-28 21:03:17, 28.0, 12.1, 8.1, 2.0, 9.2, 8.5
2024-05-28 21:03:19, 28.0, 12.2, 8.1, 2.0, 9.2, 8.5
2024-05-28 21:03:21, 28.0, 11.8, 8.1, 2.0, 9.2, 8.5
2024-05-28 21:03:23, 28.0, 12.2, 8.1, 2.0, 9.2, 8.5
2024-05-28 21:03:25, 28.0, 12.3, 8.1, 2.0, 9.2, 8.5
2024-05-28 21:03:27, 28.0, 12.8, 8.1, 2.0, 9.2, 8.5
2024-05-28 21:03:29, 28.0, 12.0, 8.1, 2.0, 9.2, 8.5
2024-05-28 21:03:32, 28.0, 13.4, 8.1, 2.0, 9.2, 8.5
2024-05-28 21:03:34, 28.0, 12.4, 8.1, 2.0, 9.2, 8.5
2024-05-28 21:03:36, 28.0, 11.8, 8.1, 2.0, 9.2, 8.5
2024-05-28 21:03:38, 28.0, 12.8, 8.1, 2.0, 9.2, 8.5
2024-05-28 21:03:40, 28.0, 12.6, 8.1, 2.0, 9.2, 8.5
2024-05-28 21:03:42, 28.0, 12.4, 8.1, 2.0, 9.2, 8.5
2024-05-28 21:03:44, 28.0, 11.8, 8.1, 2.0, 9.2, 8.5
2024-05-28 21:03:46, 28.0, 12.9, 8.1, 2.0, 9.2, 8.5
2024-05-28 21:03:49, 28.0, 11.8, 8.1, 2.0, 9.2, 8.5
2024-05-28 21:03:51, 28.0, 12.1, 8.1, 2.0, 9.2, 8.5
2024-05-28 21:03:53, 28.0, 12.9, 8.1, 2.0, 9.2, 8.5
2024-05-28 21:03:55, 28.0, 12.4, 8.1, 2.0, 9.2, 8.5
2024-05-28 21:03:57, 28.0, 12.2, 8.1, 2.0, 9.2, 8.5
2024-05-28 21:03:59, 28.0, 12.8, 8.1, 2.0, 9.2, 8.5
2024-05-28 21:04:01, 28.0, 12.2, 8.1, 2.0, 9.2, 8.5
2024-05-28 21:04:04, 28.0, 12.8, 8.2, 2.0, 9.3, 8.5
2024-05-28 21:04:06, 28.0, 12.1, 8.2, 2.0, 9.3, 8.5
2024-05-28 21:04:08, 28.0, 13.3, 8.2, 2.0, 9.2, 8.5
2024-05-28 21:04:10, 28.0, 13.0, 8.1, 2.0, 9.2, 8.5
2024-05-28 21:04:12, 28.0, 12.4, 8.1, 2.0, 9.2, 8.5
2024-05-28 21:04:14, 28.0, 12.1, 8.1, 2.0, 9.2, 8.5
2024-05-28 21:04:16, 28.0, 12.0, 8.1, 2.0, 9.2, 8.5
2024-05-28 21:04:18, 28.0, 12.2, 8.2, 2.0, 9.2, 8.5
2024-05-28 21:04:21, 28.0, 12.2, 8.2, 2.0, 9.2, 8.5
2024-05-28 21:04:23, 28.0, 12.8, 8.2, 2.0, 9.2, 8.5
2024-05-28 21:04:25, 27.9, 12.0, 8.2, 2.0, 9.2, 8.5
2024-05-28 21:04:27, 28.0, 12.2, 8.2, 2.0, 9.3, 8.5
2024-05-28 21:04:29, 27.9, 12.2, 8.2, 2.0, 9.3, 8.5
2024-05-28 21:04:31, 28.0, 12.2, 8.2, 2.0, 9.3, 8.5
2024-05-28 21:04:33, 28.0, 12.2, 8.2, 2.0, 9.3, 8.5
2024-05-28 21:04:35, 28.0, 12.4, 8.2, 2.0, 9.3, 8.5
2024-05-28 21:04:38, 28.0, 12.8, 8.2, 2.0, 9.3, 8.5
2024-05-28 21:04:40, 28.0, 12.4, 8.2, 2.0, 9.3, 8.5
2024-05-28 21:04:42, 28.0, 12.8, 8.2, 2.0, 9.3, 8.5
2024-05-28 21:04:44, 28.0, 12.2, 8.2, 2.0, 9.3, 8.5
2024-05-28 21:04:46, 28.0, 12.2, 8.2, 2.0, 9.2, 8.5
2024-05-28 21:04:48, 28.0, 12.2, 8.2, 2.0, 9.3, 8.5
2024-05-28 21:04:50, 28.0, 12.6, 8.2, 2.0, 9.3, 8.5
2024-05-28 21:04:52, 28.0, 12.1, 8.2, 2.0, 9.2, 8.5
2024-05-28 21:04:54, 28.0, 11.8, 8.2, 2.0, 9.3, 8.5
2024-05-28 21:04:57, 28.0, 12.9, 8.2, 2.0, 9.3, 8.5
2024-05-28 21:05:01, 28.0, 12.3, 8.2, 2.0, 9.2, 8.5
2024-05-28 21:05:03, 28.0, 12.8, 8.2, 2.0, 9.2, 8.5
2024-05-28 21:05:05, 28.0, 12.8, 8.2, 2.0, 9.3, 8.5
2024-05-28 21:05:07, 28.0, 11.8, 8.2, 2.0, 9.3, 8.5
2024-05-28 21:05:09, 28.0, 12.1, 8.2, 2.0, 9.3, 8.5
2024-05-28 21:05:11, 28.0, 12.2, 8.2, 2.0, 9.3, 8.5
2024-05-28 21:05:13, 28.0, 12.1, 8.2, 2.0, 9.3, 8.5
2024-05-28 21:05:16, 28.0, 12.2, 8.2, 2.0, 9.3, 8.5
2024-05-28 21:05:18, 28.0, 12.2, 8.2, 2.0, 9.3, 8.5
2024-05-28 21:05:20, 28.0, 12.3, 8.2, 2.0, 9.3, 8.5
2024-05-28 21:05:22, 28.0, 12.2, 8.2, 2.0, 9.2, 8.5
2024-05-28 21:05:24, 28.0, 12.3, 8.2, 2.0, 9.3, 8.5
2024-05-28 21:05:26, 28.0, 12.1, 8.2, 2.0, 9.3, 8.5
2024-05-28 21:05:28, 28.0, 12.0, 8.2, 2.0, 9.3, 8.5
2024-05-28 21:05:30, 28.0, 12.1, 8.2, 2.0, 9.2, 8.5
2024-05-28 21:05:33, 28.0, 12.2, 8.2, 2.0, 9.2, 8.5
2024-05-28 21:05:35, 28.0, 12.2, 8.2, 2.0, 9.2, 8.5
2024-05-28 21:05:37, 28.0, 13.4, 8.2, 2.0, 9.2, 8.5
2024-05-28 21:05:39, 28.0, 12.8, 8.2, 2.0, 9.2, 8.5
2024-05-28 21:05:41, 28.0, 12.1, 8.2, 2.0, 9.3, 8.5
2024-05-28 21:05:43, 28.0, 12.8, 8.2, 2.0, 9.3, 8.5
2024-05-28 21:05:45, 28.0, 12.8, 8.2, 2.0, 9.3, 8.5
2024-05-28 21:05:47, 28.0, 12.1, 8.2, 2.0, 9.3, 8.5
2024-05-28 21:05:50, 28.0, 12.3, 8.2, 2.0, 9.3, 8.5
2024-05-28 21:05:52, 28.0, 12.6, 8.2, 2.0, 9.2, 8.5
2024-05-28 21:05:54, 28.0, 12.8, 8.2, 2.0, 9.3, 8.5
2024-05-28 21:05:56, 28.0, 12.8, 8.2, 2.0, 9.3, 8.5
2024-05-28 21:05:58, 28.0, 12.4, 8.2, 2.0, 9.3, 8.5
2024-05-28 21:06:00, 28.0, 12.8, 8.2, 2.0, 9.3, 8.5
2024-05-28 21:06:04, 28.0, 12.3, 8.2, 2.0, 9.3, 8.5
2024-05-28 21:06:07, 28.0, 12.7, 8.2, 2.0, 9.3, 8.5
2024-05-28 21:06:11, 28.0, 12.4, 8.2, 2.0, 9.3, 8.5
2024-05-28 21:06:13, 28.0, 12.8, 8.2, 2.0, 9.3, 8.5
2024-05-28 21:06:15, 28.0, 12.1, 8.2, 2.0, 9.3, 8.5
2024-05-28 21:06:17, 28.0, 12.2, 8.2, 2.0, 9.3, 8.5
2024-05-28 21:06:19, 28.0, 12.1, 8.2, 2.0, 9.3, 8.5
2024-05-28 21:06:21, 28.0, 12.1, 8.2, 2.0, 9.3, 8.5
2024-05-28 21:06:23, 28.0, 12.3, 8.2, 2.0, 9.3, 8.5
2024-05-28 21:06:26, 28.0, 12.2, 8.2, 2.0, 9.3, 8.5
2024-05-28 21:06:28, 28.0, 12.4, 8.2, 2.0, 9.3, 8.5
2024-05-28 21:06:30, 28.0, 12.8, 8.2, 2.0, 9.3, 8.5
2024-05-28 21:06:32, 28.0, 13.2, 8.2, 2.0, 9.3, 8.5
2024-05-28 21:06:34, 28.0, 12.8, 8.2, 2.0, 9.3, 8.5
2024-05-28 21:06:36, 28.0, 13.6, 8.2, 2.0, 9.3, 8.5
2024-05-28 21:06:38, 28.0, 13.0, 8.2, 2.0, 9.3, 8.5
2024-05-28 21:06:40, 28.0, 12.2, 8.2, 2.0, 9.3, 8.5
2024-05-28 21:06:42, 28.0, 13.3, 8.3, 2.0, 9.3, 8.5
2024-05-28 21:06:45, 28.0, 12.2, 8.3, 2.0, 9.3, 8.5
2024-05-28 21:06:47, 28.0, 12.7, 8.3, 2.0, 9.2, 8.5
2024-05-28 21:06:49, 28.0, 13.0, 8.3, 2.0, 9.3, 8.5
2024-05-28 21:06:51, 28.0, 12.8, 8.3, 2.0, 9.3, 8.5
2024-05-28 21:06:53, 28.0, 12.6, 8.3, 2.0, 9.3, 8.5
2024-05-28 21:06:55, 28.0, 12.2, 8.3, 2.0, 9.3, 8.5
2024-05-28 21:06:57, 28.0, 12.4, 8.3, 2.0, 9.3, 8.5
2024-05-28 21:06:59, 28.0, 12.6, 8.3, 2.0, 9.3, 8.5
2024-05-28 21:07:02, 28.0, 12.2, 8.3, 2.0, 9.3, 8.5
2024-05-28 21:07:04, 28.0, 12.3, 8.3, 2.0, 9.3, 8.5
2024-05-28 21:07:06, 28.0, 13.4, 8.3, 2.0, 9.3, 8.5
2024-05-28 21:07:08, 28.0, 12.4, 8.3, 2.0, 9.3, 8.5
2024-05-28 21:07:10, 28.0, 12.2, 8.3, 2.0, 9.3, 8.5
2024-05-28 21:07:12, 28.0, 12.0, 8.3, 2.0, 9.3, 8.5
2024-05-28 21:07:14, 28.0, 12.2, 8.3, 2.0, 9.3, 8.5
2024-05-28 21:07:16, 28.0, 11.8, 8.3, 2.0, 9.3, 8.5
2024-05-28 21:07:19, 28.0, 12.2, 8.3, 2.0, 9.3, 8.5
2024-05-28 21:07:21, 28.0, 12.3, 8.3, 2.0, 9.3, 8.5
2024-05-28 21:07:23, 28.0, 12.4, 8.3, 2.0, 9.3, 8.5
2024-05-28 21:07:25, 28.0, 12.9, 8.3, 2.0, 9.3, 8.5
2024-05-28 21:07:27, 28.0, 12.0, 8.3, 2.0, 9.3, 8.5
2024-05-28 21:07:29, 28.0, 12.1, 8.3, 2.0, 9.3, 8.5
2024-05-28 21:07:31, 28.0, 12.4, 8.3, 2.0, 9.3, 8.5
2024-05-28 21:07:33, 28.0, 12.4, 8.3, 2.0, 9.3, 8.5
2024-05-28 21:07:36, 28.0, 12.2, 8.3, 2.0, 9.3, 8.5
2024-05-28 21:07:38, 28.0, 12.1, 8.3, 2.0, 9.3, 8.5
2024-05-28 21:07:40, 28.0, 12.8, 8.3, 2.0, 9.3, 8.5
2024-05-28 21:07:42, 28.0, 12.6, 8.3, 2.0, 9.3, 8.5
2024-05-28 21:07:44, 28.0, 12.2, 8.3, 2.0, 9.3, 8.5
2024-05-28 21:07:46, 28.0, 12.2, 8.3, 2.0, 9.3, 8.5
2024-05-28 21:07:48, 28.0, 12.2, 8.3, 2.0, 9.3, 8.5
2024-05-28 21:07:50, 28.0, 13.6, 8.3, 2.0, 9.3, 8.5
2024-05-28 21:07:52, 28.0, 12.2, 8.3, 2.0, 9.3, 8.5
2024-05-28 21:07:55, 28.0, 12.2, 8.3, 2.0, 9.3, 8.5
2024-05-28 21:07:57, 28.0, 11.6, 8.3, 2.0, 9.3, 8.5
2024-05-28 21:07:59, 28.0, 12.1, 8.3, 2.0, 9.3, 8.5
2024-05-28 21:08:01, 28.0, 12.3, 8.3, 2.0, 9.3, 8.5
2024-05-28 21:08:03, 28.0, 12.2, 8.3, 2.0, 9.3, 8.5
2024-05-28 21:08:05, 28.0, 12.0, 8.3, 2.0, 9.3, 8.5
2024-05-28 21:08:07, 28.0, 12.2, 8.3, 2.0, 9.3, 8.5
2024-05-28 21:08:09, 28.0, 12.2, 8.3, 2.0, 9.3, 8.5
2024-05-28 21:08:12, 28.0, 12.6, 8.3, 2.0, 9.3, 8.5
2024-05-28 21:08:14, 28.0, 12.2, 8.3, 2.0, 9.3, 8.5
2024-05-28 21:08:16, 28.0, 12.1, 8.3, 2.0, 9.3, 8.5
2024-05-28 21:08:18, 28.0, 12.8, 8.3, 2.0, 9.3, 8.5
2024-05-28 21:08:20, 28.0, 12.6, 8.3, 2.0, 9.3, 8.5
2024-05-28 21:08:22, 28.0, 12.2, 8.3, 2.0, 9.3, 8.5
2024-05-28 21:08:24, 28.0, 12.8, 8.3, 2.0, 9.3, 8.5
2024-05-28 21:08:27, 28.0, 12.0, 8.3, 2.0, 9.3, 8.5
2024-05-28 21:08:29, 28.0, 11.8, 8.3, 2.0, 9.3, 8.5
2024-05-28 21:08:31, 28.0, 12.2, 8.3, 2.0, 9.3, 8.5
2024-05-28 21:08:33, 28.0, 12.2, 8.3, 2.0, 9.3, 8.5
2024-05-28 21:08:35, 28.0, 12.2, 8.3, 2.0, 9.3, 8.5
2024-05-28 21:08:37, 28.0, 12.6, 8.3, 2.0, 9.3, 8.5
2024-05-28 21:08:39, 28.0, 12.2, 8.3, 2.0, 9.3, 8.5
2024-05-28 21:08:41, 28.0, 12.2, 8.3, 2.0, 9.3, 8.5
2024-05-28 21:08:43, 28.0, 12.8, 8.3, 2.0, 9.3, 8.5
2024-05-28 21:08:46, 28.0, 12.8, 8.3, 2.0, 9.3, 8.5
2024-05-28 21:08:48, 28.0, 11.8, 8.3, 2.0, 9.3, 8.5
2024-05-28 21:08:50, 28.0, 12.6, 8.3, 2.0, 9.3, 8.5
2024-05-28 21:08:52, 28.0, 11.8, 8.3, 2.0, 9.3, 8.5
2024-05-28 21:08:54, 28.0, 12.2, 8.3, 2.0, 9.3, 8.5
2024-05-28 21:08:56, 28.0, 12.4, 8.3, 2.0, 9.3, 8.5
2024-05-28 21:08:58, 28.0, 12.2, 8.3, 2.0, 9.3, 8.5
2024-05-28 21:09:00, 28.0, 12.2, 8.3, 2.0, 9.3, 8.5
2024-05-28 21:09:03, 28.0, 12.2, 8.3, 2.0, 9.3, 8.5
2024-05-28 21:09:05, 28.0, 12.3, 8.3, 2.0, 9.3, 8.5
2024-05-28 21:09:07, 28.0, 12.3, 8.3, 2.0, 9.3, 8.5
2024-05-28 21:09:09, 28.0, 12.0, 8.3, 2.0, 9.3, 8.5
2024-05-28 21:09:11, 28.0, 12.1, 8.3, 2.0, 9.3, 8.5
2024-05-28 21:09:13, 28.0, 11.8, 8.3, 2.0, 9.3, 8.5
2024-05-28 21:09:15, 28.0, 12.2, 8.3, 2.0, 9.3, 8.5
2024-05-28 21:09:17, 28.0, 12.1, 8.3, 2.0, 9.3, 8.5
2024-05-28 21:09:19, 28.0, 12.2, 8.4, 2.0, 9.3, 8.5
2024-05-28 21:09:22, 28.0, 12.1, 8.4, 2.0, 9.3, 8.5
2024-05-28 21:09:24, 28.0, 12.2, 8.3, 2.0, 9.3, 8.5
2024-05-28 21:09:26, 28.0, 12.4, 8.4, 2.0, 9.3, 8.5
2024-05-28 21:09:28, 28.0, 12.7, 8.4, 2.0, 9.3, 8.5
2024-05-28 21:09:30, 28.0, 12.4, 8.4, 2.0, 9.3, 8.5
2024-05-28 21:09:32, 28.0, 12.2, 8.4, 2.0, 9.3, 8.5
2024-05-28 21:09:34, 28.0, 12.6, 8.3, 2.0, 9.3, 8.5
2024-05-28 21:09:36, 28.0, 12.2, 8.4, 2.0, 9.3, 8.5
2024-05-28 21:09:38, 28.0, 12.3, 8.4, 2.0, 9.3, 8.5
2024-05-28 21:09:41, 28.0, 12.8, 8.4, 2.0, 9.3, 8.5
2024-05-28 21:09:45, 28.0, 12.2, 8.4, 2.0, 9.3, 8.5
2024-05-28 21:09:47, 28.0, 12.8, 8.4, 2.0, 9.3, 8.5
2024-05-28 21:09:51, 28.0, 12.8, 8.4, 2.0, 9.3, 8.5
2024-05-28 21:09:55, 28.0, 12.8, 8.4, 2.0, 9.3, 8.5
2024-05-28 21:09:59, 28.0, 11.8, 8.4, 2.0, 9.3, 8.5
2024-05-28 21:10:02, 28.0, 12.2, 8.4, 2.0, 9.3, 8.5
2024-05-28 21:10:04, 28.0, 12.2, 8.4, 2.0, 9.3, 8.5
2024-05-28 21:10:06, 28.0, 12.2, 8.4, 2.0, 9.3, 8.5
2024-05-28 21:10:08, 28.0, 12.4, 8.4, 2.0, 9.3, 8.5
2024-05-28 21:10:10, 28.0, 12.6, 8.4, 2.0, 9.3, 8.5
2024-05-28 21:10:12, 28.0, 12.1, 8.4, 2.0, 9.3, 8.5
2024-05-28 21:10:14, 28.0, 12.8, 8.4, 2.0, 9.3, 8.5
2024-05-28 21:10:16, 28.0, 12.2, 8.4, 2.0, 9.3, 8.5
2024-05-28 21:10:19, 28.0, 12.4, 8.4, 2.0, 9.3, 8.5
2024-05-28 21:10:21, 28.0, 12.1, 8.4, 2.0, 9.3, 8.5
2024-05-28 21:10:23, 28.0, 12.4, 8.4, 2.0, 9.3, 8.5
2024-05-28 21:10:25, 28.0, 12.1, 8.4, 2.0, 9.3, 8.5
2024-05-28 21:10:27, 28.0, 12.8, 8.4, 2.0, 9.3, 8.5
2024-05-28 21:10:29, 28.0, 13.4, 8.4, 2.0, 9.3, 8.5
2024-05-28 21:10:31, 28.0, 12.6, 8.4, 2.0, 9.3, 8.5
2024-05-28 21:10:33, 28.0, 12.2, 8.4, 2.0, 9.3, 8.5
2024-05-28 21:10:36, 28.0, 12.1, 8.4, 2.0, 9.3, 8.5
2024-05-28 21:10:38, 28.0, 12.3, 8.4, 2.0, 9.3, 8.5
2024-05-28 21:10:40, 28.0, 12.9, 8.4, 2.0, 9.3, 8.5
2024-05-28 21:10:42, 28.0, 12.4, 8.4, 2.0, 9.3, 8.5
2024-05-28 21:10:44, 28.0, 11.8, 8.4, 2.0, 9.3, 8.5
2024-05-28 21:10:46, 28.0, 12.2, 8.4, 2.0, 9.3, 8.5
2024-05-28 21:10:48, 28.0, 12.0, 8.4, 2.0, 9.3, 8.5
2024-05-28 21:10:50, 28.0, 12.2, 8.4, 2.0, 9.3, 8.5
2024-05-28 21:10:52, 28.0, 12.2, 8.4, 2.0, 9.3, 8.5
2024-05-28 21:10:55, 28.0, 12.2, 8.4, 2.0, 9.3, 8.5
2024-05-28 21:10:57, 28.0, 12.1, 8.4, 2.0, 9.3, 8.5
2024-05-28 21:10:59, 28.0, 12.1, 8.4, 2.0, 9.3, 8.5
2024-05-28 21:11:01, 28.0, 12.2, 8.4, 2.0, 9.3, 8.5
2024-05-28 21:11:03, 28.0, 12.1, 8.4, 2.0, 9.3, 8.5
2024-05-28 21:11:07, 28.0, 12.2, 8.4, 2.0, 9.3, 8.5
2024-05-28 21:11:11, 28.0, 12.4, 8.4, 2.0, 9.3, 8.5
2024-05-28 21:11:14, 28.0, 12.2, 8.4, 2.0, 9.3, 8.5
2024-05-28 21:11:16, 28.0, 13.2, 8.4, 2.0, 9.3, 8.5
2024-05-28 21:11:18, 28.0, 12.1, 8.4, 2.0, 9.3, 8.5
2024-05-28 21:11:20, 28.0, 12.2, 8.4, 2.0, 9.3, 8.5
2024-05-28 21:11:22, 28.0, 12.2, 8.4, 2.0, 9.3, 8.5
2024-05-28 21:11:24, 28.0, 12.0, 8.4, 2.0, 9.3, 8.5
2024-05-28 21:11:26, 28.0, 12.0, 8.4, 2.0, 9.3, 8.5
2024-05-28 21:11:28, 28.0, 12.1, 8.4, 2.0, 9.3, 8.5
2024-05-28 21:11:31, 28.0, 11.8, 8.4, 2.0, 9.3, 8.5
2024-05-28 21:11:33, 28.0, 12.2, 8.4, 2.0, 9.3, 8.5
2024-05-28 21:11:35, 28.0, 12.2, 8.4, 2.0, 9.3, 8.5
2024-05-28 21:11:37, 28.0, 11.8, 8.4, 2.0, 9.3, 8.5
2024-05-28 21:11:39, 28.0, 12.1, 8.4, 2.0, 9.3, 8.5
2024-05-28 21:11:41, 28.0, 12.4, 8.4, 2.0, 9.3, 8.5
2024-05-28 21:11:43, 28.0, 12.3, 8.4, 2.0, 9.3, 8.5
2024-05-28 21:11:45, 28.0, 12.8, 8.4, 2.0, 9.3, 8.5
2024-05-28 21:11:48, 28.0, 12.3, 8.4, 2.0, 9.3, 8.5
2024-05-28 21:11:50, 28.0, 12.8, 8.4, 2.0, 9.3, 8.5
2024-05-28 21:11:52, 28.0, 12.2, 8.4, 2.0, 9.3, 8.5
2024-05-28 21:11:54, 28.0, 12.2, 8.4, 2.0, 9.3, 8.5
2024-05-28 21:11:56, 28.0, 11.8, 8.4, 2.0, 9.3, 8.5
2024-05-28 21:11:58, 28.0, 12.2, 8.4, 2.0, 9.3, 8.5
2024-05-28 21:12:00, 28.0, 13.7, 8.4, 2.0, 9.3, 8.5
2024-05-28 21:12:03, 28.0, 12.8, 8.4, 2.0, 9.3, 8.5
2024-05-28 21:12:05, 28.0, 11.8, 8.4, 2.0, 9.3, 8.5
2024-05-28 21:12:07, 28.0, 11.8, 8.4, 2.0, 9.3, 8.5
2024-05-28 21:12:09, 28.0, 12.6, 8.4, 2.0, 9.3, 8.5
2024-05-28 21:12:11, 28.0, 12.8, 8.4, 2.0, 9.3, 8.5
2024-05-28 21:12:13, 28.0, 12.3, 8.4, 2.0, 9.3, 8.5
2024-05-28 21:12:15, 28.0, 12.6, 8.4, 2.0, 9.3, 8.5
2024-05-28 21:12:17, 28.0, 12.4, 8.4, 2.0, 9.3, 8.5
2024-05-28 21:12:20, 28.0, 11.8, 8.4, 2.0, 9.3, 8.5
2024-05-28 21:12:22, 28.0, 12.8, 8.4, 2.0, 9.3, 8.5
2024-05-28 21:12:24, 28.0, 12.1, 8.4, 2.0, 9.3, 8.5
2024-05-28 21:12:26, 28.0, 12.9, 8.4, 2.0, 9.3, 8.5
2024-05-28 21:12:28, 28.0, 12.4, 8.4, 2.0, 9.3, 8.5
2024-05-28 21:12:30, 28.0, 12.1, 8.4, 2.0, 9.3, 8.5
2024-05-28 21:12:32, 28.0, 11.8, 8.4, 2.0, 9.3, 8.5
2024-05-28 21:12:34, 28.0, 12.2, 8.4, 2.0, 9.3, 8.5
2024-05-28 21:12:36, 28.0, 12.8, 8.4, 2.0, 9.3, 8.5
2024-05-28 21:12:39, 28.0, 13.2, 8.4, 2.0, 9.3, 8.5
2024-05-28 21:12:41, 28.0, 13.0, 8.4, 2.0, 9.3, 8.5
2024-05-28 21:12:43, 28.0, 12.8, 8.4, 2.0, 9.3, 8.5
2024-05-28 21:12:45, 28.0, 13.8, 8.4, 2.0, 9.3, 8.5
2024-05-28 21:12:47, 28.0, 12.1, 8.4, 2.0, 9.3, 8.5
2024-05-28 21:12:49, 28.0, 12.2, 8.4, 2.0, 9.3, 8.5
2024-05-28 21:12:51, 28.0, 13.3, 8.4, 2.0, 9.3, 8.5
2024-05-28 21:12:54, 28.0, 12.4, 8.4, 2.0, 9.3, 8.5
2024-05-28 21:12:56, 28.0, 12.8, 8.4, 2.0, 9.3, 8.5
2024-05-28 21:12:58, 28.0, 12.4, 8.4, 2.0, 9.3, 8.5
2024-05-28 21:13:00, 28.0, 12.8, 8.4, 2.0, 9.3, 8.5
2024-05-28 21:13:02, 28.0, 12.2, 8.4, 2.0, 9.3, 8.5
2024-05-28 21:13:04, 28.0, 11.8, 8.4, 2.0, 9.3, 8.5
2024-05-28 21:13:06, 28.0, 12.6, 8.4, 2.0, 9.3, 8.5
2024-05-28 21:13:08, 28.0, 12.2, 8.4, 2.0, 9.3, 8.5
2024-05-28 21:13:10, 28.0, 12.2, 8.4, 2.0, 9.3, 8.5
2024-05-28 21:13:13, 28.0, 12.4, 8.4, 2.0, 9.3, 8.5
2024-05-28 21:13:15, 28.0, 12.4, 8.4, 2.0, 9.3, 8.5
2024-05-28 21:13:17, 28.0, 12.1, 8.4, 2.0, 9.3, 8.5
2024-05-28 21:13:19, 28.0, 12.6, 8.4, 2.0, 9.3, 8.5
2024-05-28 21:13:21, 28.0, 12.1, 8.4, 2.0, 9.3, 8.5
2024-05-28 21:13:23, 28.0, 12.2, 8.4, 2.0, 9.3, 8.5
2024-05-28 21:13:25, 28.0, 13.0, 8.4, 2.0, 9.3, 8.5
2024-05-28 21:13:27, 28.0, 12.4, 8.4, 2.0, 9.3, 8.5
2024-05-28 21:13:29, 28.0, 12.8, 8.4, 2.0, 9.3, 8.5
2024-05-28 21:13:32, 28.0, 12.6, 8.4, 2.0, 9.3, 8.5
2024-05-28 21:13:34, 28.0, 11.8, 8.4, 2.0, 9.3, 8.5
2024-05-28 21:13:36, 28.0, 12.6, 8.4, 2.0, 9.3, 8.5
2024-05-28 21:13:38, 28.0, 12.1, 8.4, 2.0, 9.3, 8.5
2024-05-28 21:13:40, 28.0, 11.8, 8.4, 2.0, 9.3, 8.5
2024-05-28 21:13:42, 28.0, 11.8, 8.4, 2.0, 9.3, 8.5
2024-05-28 21:13:44, 28.0, 12.4, 8.4, 2.0, 9.3, 8.5
2024-05-28 21:13:46, 28.0, 12.1, 8.4, 2.0, 9.3, 8.5
2024-05-28 21:13:48, 28.0, 12.6, 8.4, 2.0, 9.3, 8.5
2024-05-28 21:13:51, 28.0, 12.1, 8.4, 2.0, 9.3, 8.5
2024-05-28 21:13:53, 28.0, 12.2, 8.4, 2.0, 9.3, 8.5
2024-05-28 21:13:55, 28.0, 12.1, 8.4, 2.0, 9.3, 8.5
2024-05-28 21:13:57, 28.0, 12.8, 8.4, 2.0, 9.3, 8.5
2024-05-28 21:13:59, 28.0, 12.2, 8.4, 2.0, 9.3, 8.5
2024-05-28 21:14:01, 28.0, 12.8, 8.4, 2.0, 9.3, 8.5
2024-05-28 21:14:03, 28.0, 12.1, 8.4, 2.0, 9.3, 8.5
2024-05-28 21:14:05, 28.0, 12.2, 8.4, 2.0, 9.3, 8.5
2024-05-28 21:14:08, 28.0, 12.1, 8.4, 2.0, 9.3, 8.5
2024-05-28 21:14:10, 28.0, 12.2, 8.4, 2.0, 9.3, 8.5
2024-05-28 21:14:12, 28.0, 12.4, 8.4, 2.0, 9.3, 8.5
2024-05-28 21:14:14, 28.0, 12.3, 8.4, 2.0, 9.3, 8.5
2024-05-28 21:14:16, 28.0, 12.1, 8.4, 2.0, 9.3, 8.5
2024-05-28 21:14:18, 28.0, 12.8, 8.4, 2.0, 9.3, 8.5
2024-05-28 21:14:20, 28.0, 12.3, 8.4, 2.0, 9.3, 8.5
2024-05-28 21:14:24, 28.0, 12.2, 8.4, 2.0, 9.3, 8.5
2024-05-28 21:14:29, 28.0, 12.4, 8.4, 2.0, 9.3, 8.5
2024-05-28 21:14:33, 28.0, 12.1, 8.4, 2.0, 9.3, 8.5
2024-05-28 21:14:35, 28.0, 12.3, 8.4, 2.0, 9.3, 8.5
2024-05-28 21:14:37, 28.0, 12.8, 8.4, 2.0, 9.3, 8.5
2024-05-28 21:14:39, 28.0, 12.8, 8.4, 2.0, 9.3, 8.5
2024-05-28 21:14:41, 28.0, 12.8, 8.4, 2.0, 9.3, 8.5
2024-05-28 21:14:43, 28.0, 12.8, 8.4, 2.0, 9.3, 8.5
2024-05-28 21:14:46, 28.0, 12.4, 8.4, 2.0, 9.3, 8.5
2024-05-28 21:14:48, 28.0, 12.2, 8.4, 2.0, 9.3, 8.5
2024-05-28 21:14:50, 28.0, 12.3, 8.4, 2.0, 9.3, 8.5
2024-05-28 21:14:52, 28.0, 13.0, 8.4, 2.0, 9.3, 8.5
2024-05-28 21:14:54, 28.0, 12.1, 8.4, 2.0, 9.3, 8.5
2024-05-28 21:14:56, 28.0, 12.2, 8.4, 2.0, 9.3, 8.5
2024-05-28 21:14:58, 28.0, 12.2, 8.4, 2.0, 9.3, 8.5
2024-05-28 21:15:00, 28.0, 12.4, 8.4, 2.0, 9.3, 8.5
2024-05-28 21:15:03, 28.0, 12.1, 8.4, 2.0, 9.3, 8.5
2024-05-28 21:15:05, 28.0, 12.1, 8.4, 2.0, 9.3, 8.5
2024-05-28 21:15:07, 28.0, 12.8, 8.4, 2.0, 9.3, 8.5
2024-05-28 21:15:09, 28.0, 12.1, 8.4, 2.0, 9.3, 8.5
2024-05-28 21:15:11, 28.0, 12.2, 8.4, 2.0, 9.3, 8.5
2024-05-28 21:15:13, 28.0, 12.9, 8.4, 2.0, 9.3, 8.5
2024-05-28 21:15:15, 28.0, 12.2, 8.4, 2.0, 9.3, 8.5
2024-05-28 21:15:17, 28.0, 12.2, 8.4, 2.0, 9.3, 8.5
2024-05-28 21:15:19, 28.0, 12.8, 8.4, 2.0, 9.3, 8.5
2024-05-28 21:15:22, 28.0, 12.1, 8.4, 2.0, 9.3, 8.5
2024-05-28 21:15:24, 28.0, 12.2, 8.4, 2.0, 9.3, 8.5
2024-05-28 21:15:26, 28.0, 12.8, 8.4, 2.0, 9.3, 8.5
2024-05-28 21:15:28, 28.0, 12.6, 8.4, 2.0, 9.3, 8.5
2024-05-28 21:15:30, 28.0, 12.8, 8.4, 2.0, 9.3, 8.5
2024-05-28 21:15:32, 28.0, 12.4, 8.4, 2.0, 9.3, 8.5
2024-05-28 21:15:34, 28.0, 12.4, 8.4, 2.0, 9.3, 8.5
2024-05-28 21:15:36, 28.0, 12.8, 8.4, 2.0, 9.3, 8.5
2024-05-28 21:15:39, 28.0, 13.6, 8.4, 2.0, 9.3, 8.5
2024-05-28 21:15:41, 28.0, 12.6, 8.4, 2.0, 9.3, 8.5
2024-05-28 21:15:43, 28.0, 12.3, 8.4, 2.0, 9.3, 8.5
2024-05-28 21:15:45, 28.0, 12.2, 8.4, 2.0, 9.3, 8.5
2024-05-28 21:15:49, 28.0, 12.2, 8.4, 2.0, 9.3, 8.5
2024-05-28 21:15:53, 28.0, 12.4, 8.4, 2.0, 9.3, 8.5
2024-05-28 21:15:57, 28.0, 12.6, 8.4, 2.0, 9.3, 8.5
2024-05-28 21:16:02, 28.0, 12.3, 8.4, 2.0, 9.3, 8.5
2024-05-28 21:16:06, 28.0, 12.4, 8.4, 2.0, 9.3, 8.5
2024-05-28 21:16:10, 28.0, 12.8, 8.4, 2.0, 9.3, 8.5
2024-05-28 21:16:14, 28.0, 12.0, 8.4, 2.0, 9.3, 8.5
2024-05-28 21:16:24, 28.0, 12.0, 8.4, 2.0, 9.3, 8.5
2024-05-28 21:16:30, 28.0, 12.2, 8.4, 2.0, 9.3, 8.5
2024-05-28 21:16:34, 28.0, 12.8, 8.4, 2.0, 9.3, 8.5
2024-05-28 21:16:43, 28.0, 2.7, 8.4, 0.0, 0.0, 0.0
2024-05-28 21:16:49, 27.1, 0.0, 9.0, 0.0, 0.0, 0.0
2024-05-28 21:16:53, 26.7, 0.0, 9.0, 0.0, 0.0, 0.0
2024-05-28 21:16:57, 26.3, 0.0, 9.0, 0.0, 0.0, 0.0
2024-05-28 21:17:01, 26.1, 2.3, 9.0, 0.0, 0.0, 0.0
2024-05-28 21:17:05, 25.9, 0.0, 9.0, 0.0, 0.0, 0.0
2024-05-28 21:17:10, 25.7, 2.0, 9.0, 0.0, 0.0, 0.0
2024-05-28 21:17:14, 25.6, 2.4, 9.0, 0.0, 0.0, 0.0
2024-05-28 21:17:16, 25.6, 0.0, 9.0, 0.0, 0.0, 0.0
2024-05-28 21:17:18, 25.6, 2.4, 9.0, 0.0, 0.0, 0.0
2024-05-28 21:17:20, 25.5, 0.0, 9.0, 0.0, 0.0, 0.0
2024-05-28 21:17:22, 25.5, 0.0, 9.0, 0.0, 0.0, 0.0
2024-05-28 21:17:24, 25.5, 0.0, 9.0, 0.0, 0.0, 0.0
2024-05-28 21:17:26, 25.5, 0.0, 9.0, 0.0, 0.0, 0.0
2024-05-28 21:17:29, 25.5, 2.3, 9.0, 0.0, 0.0, 0.0
2024-05-28 21:17:31, 25.5, 0.0, 9.0, 0.0, 0.0, 0.0
2024-05-28 21:17:33, 25.5, 0.0, 9.0, 0.0, 0.0, 0.0
2024-05-28 21:17:35, 25.5, 2.5, 9.0, 0.0, 0.0, 0.0
2024-05-28 21:17:37, 25.4, 0.0, 9.0, 0.0, 0.0, 0.0
2024-05-28 21:17:39, 25.4, 0.0, 9.0, 0.0, 0.0, 0.0
2024-05-28 21:17:41, 25.4, 0.0, 9.0, 0.0, 0.0, 0.0
2024-05-28 21:17:43, 25.4, 0.0, 9.0, 0.0, 0.0, 0.0
2024-05-28 21:17:45, 25.4, 0.0, 9.0, 0.0, 0.0, 0.0
2024-05-28 21:17:47, 25.4, 0.0, 9.0, 0.0, 0.0, 0.0
2024-05-28 21:17:50, 25.4, 0.0, 9.0, 0.0, 0.0, 0.0
2024-05-28 21:17:52, 25.4, 0.0, 9.0, 0.0, 0.0, 0.0
2024-05-28 21:17:54, 25.4, 0.0, 9.0, 0.0, 0.0, 0.0
2024-05-28 21:17:56, 25.4, 0.0, 9.0, 0.0, 0.0, 0.0
2024-05-28 21:17:58, 25.4, 0.0, 9.0, 0.0, 0.0, 0.0
2024-05-28 21:18:00, 25.4, 2.0, 9.0, 0.0, 0.0, 0.0
2024-05-28 21:18:02, 25.4, 2.0, 9.0, 0.0, 0.0, 0.0
2024-05-28 21:18:04, 25.4, 0.0, 9.0, 0.0, 0.0, 0.0
2024-05-28 21:18:07, 25.4, 0.0, 9.0, 0.0, 0.0, 0.0
2024-05-28 21:18:09, 25.4, 2.2, 9.0, 0.0, 0.0, 0.0
2024-05-28 21:18:11, 25.4, 0.0, 9.0, 0.0, 0.0, 0.0
2024-05-28 21:18:13, 25.4, 2.4, 9.0, 0.0, 0.0, 0.0
2024-05-28 21:18:15, 25.4, 0.0, 9.0, 0.0, 0.0, 0.0
2024-05-28 21:18:17, 25.4, 2.2, 9.0, 0.0, 0.0, 0.0
2024-05-28 21:18:19, 25.4, 0.0, 9.0, 0.0, 0.0, 0.0
2024-05-28 21:18:22, 25.4, 0.0, 9.0, 0.0, 0.0, 0.0
2024-05-28 21:18:26, 25.4, 0.0, 9.0, 0.0, 0.0, 0.0
2024-05-28 21:18:30, 25.4, 0.0, 9.0, 0.0, 0.0, 0.0
2024-05-28 21:18:34, 25.4, 2.5, 9.0, 0.0, 0.0, 0.0
2024-05-28 21:18:38, 25.4, 2.2, 9.0, 0.0, 0.0, 0.0
2024-05-28 21:18:40, 25.4, 0.0, 9.0, 0.0, 0.0, 0.0
2024-05-28 21:18:42, 25.4, 0.0, 9.0, 0.0, 0.0, 0.0
2024-05-28 21:18:46, 25.4, 0.0, 9.0, 0.0, 0.0, 0.0
2024-05-28 21:18:50, 25.4, 2.0, 9.0, 0.0, 0.0, 0.0
2024-05-28 21:18:55, 25.5, 0.0, 9.0, 0.0, 0.0, 0.0
2024-05-28 21:18:57, 25.5, 0.0, 9.0, 0.0, 0.0, 0.0
2024-05-28 21:18:59, 25.5, 0.0, 9.0, 0.0, 0.0, 0.0
2024-05-28 21:19:01, 25.5, 2.0, 9.0, 0.0, 0.0, 0.0
2024-05-28 21:19:03, 25.6, 0.0, 9.0, 0.0, 0.0, 0.0
2024-05-28 21:19:05, 25.5, 2.2, 9.0, 0.0, 0.0, 0.0
2024-05-28 21:19:07, 25.6, 0.0, 9.0, 0.0, 0.0, 0.0
2024-05-28 21:19:09, 25.6, 0.0, 9.0, 0.0, 0.0, 0.0
2024-05-28 21:19:12, 25.6, 0.0, 9.0, 0.0, 0.0, 0.0
2024-05-28 21:19:14, 25.6, 0.0, 9.0, 0.0, 0.0, 0.0
2024-05-28 21:19:16, 25.6, 2.0, 9.0, 0.0, 0.0, 0.0
2024-05-28 21:19:18, 25.6, 0.0, 9.0, 0.0, 0.0, 0.0
2024-05-28 21:19:20, 25.6, 0.0, 9.0, 0.0, 0.0, 0.0
2024-05-28 21:19:22, 25.6, 2.3, 9.0, 0.0, 0.0, 0.0
2024-05-28 21:19:24, 25.6, 0.0, 9.0, 0.0, 0.0, 0.0
2024-05-28 21:19:26, 25.6, 0.0, 9.0, 0.0, 0.0, 0.0
2024-05-28 21:19:29, 25.6, 2.2, 9.0, 0.0, 0.0, 0.0
2024-05-28 21:19:31, 25.6, 0.0, 9.0, 0.0, 0.0, 0.0
2024-05-28 21:19:33, 25.7, 2.0, 9.0, 0.0, 0.0, 0.0
2024-05-28 21:19:35, 25.7, 2.0, 9.0, 0.0, 0.0, 0.0
2024-05-28 21:19:37, 25.7, 2.4, 9.0, 0.0, 0.0, 0.0
2024-05-28 21:19:39, 25.7, 0.0, 9.0, 0.0, 0.0, 0.0
2024-05-28 21:19:41, 25.7, 0.0, 9.0, 0.0, 0.0, 0.0
2024-05-28 21:19:43, 25.7, 2.1, 9.0, 0.0, 0.0, 0.0
2024-05-28 21:19:45, 25.7, 0.0, 9.0, 0.0, 0.0, 0.0
2024-05-28 21:19:48, 25.7, 0.0, 9.0, 0.0, 0.0, 0.0
2024-05-28 21:19:50, 25.7, 0.0, 9.0, 0.0, 0.0, 0.0
2024-05-28 21:19:52, 25.7, 3.0, 9.0, 0.0, 0.0, 0.0
2024-05-28 21:19:54, 25.7, 0.0, 9.0, 0.0, 0.0, 0.0
2024-05-28 21:19:56, 25.7, 0.0, 9.0, 0.0, 0.0, 0.0
2024-05-28 21:19:58, 25.7, 0.0, 9.0, 0.0, 0.0, 0.0
2024-05-28 21:20:00, 25.7, 0.0, 9.0, 0.0, 0.0, 0.0
2024-05-28 21:20:02, 25.7, 0.0, 9.0, 0.0, 0.0, 0.0
2024-05-28 21:20:05, 25.7, 0.0, 9.0, 0.0, 0.0, 0.0
2024-05-28 21:20:07, 25.7, 0.0, 9.0, 0.0, 0.0, 0.0
2024-05-28 21:20:09, 25.7, 0.0, 9.0, 0.0, 0.0, 0.0
2024-05-28 21:20:11, 25.7, 0.0, 9.0, 0.0, 0.0, 0.0
2024-05-28 21:20:13, 25.7, 2.3, 9.0, 0.0, 0.0, 0.0
2024-05-28 21:20:15, 25.7, 0.0, 9.0, 0.0, 0.0, 0.0
2024-05-28 21:20:17, 25.8, 0.0, 9.0, 0.0, 0.0, 0.0
2024-05-28 21:20:20, 25.7, 0.0, 9.0, 0.0, 0.0, 0.0
2024-05-28 21:20:22, 25.8, 0.0, 9.0, 0.0, 0.0, 0.0
2024-05-28 21:20:24, 25.8, 0.0, 9.0, 0.0, 0.0, 0.0
2024-05-28 21:20:26, 25.7, 0.0, 9.0, 0.0, 0.0, 0.0
2024-05-28 21:20:28, 25.8, 0.0, 9.0, 0.0, 0.0, 0.0
2024-05-28 21:20:30, 25.8, 2.0, 9.0, 0.0, 0.0, 0.0
2024-05-28 21:20:32, 25.8, 0.0, 9.0, 0.0, 0.0, 0.0
2024-05-28 21:20:34, 25.8, 0.0, 9.0, 0.0, 0.0, 0.0
2024-05-28 21:20:36, 25.8, 0.0, 9.0, 0.0, 0.0, 0.0
2024-05-28 21:20:38, 25.9, 0.0, 9.0, 0.0, 0.0, 0.0
2024-05-28 21:20:41, 25.9, 0.0, 9.0, 0.0, 0.0, 0.0
2024-05-28 21:20:43, 25.9, 0.0, 9.0, 0.0, 0.0, 0.0
2024-05-28 21:20:45, 25.9, 0.0, 9.0, 0.0, 0.0, 0.0
2024-05-28 21:20:47, 25.9, 0.0, 9.0, 0.0, 0.0, 0.0
2024-05-28 21:20:49, 25.9, 0.0, 9.0, 0.0, 0.0, 0.0
2024-05-28 21:20:51, 25.9, 3.0, 9.0, 0.0, 0.0, 0.0
2024-05-28 21:20:53, 26.0, 2.3, 9.0, 0.0, 0.0, 0.0
2024-05-28 21:20:56, 25.9, 0.0, 9.0, 0.0, 0.0, 0.0
2024-05-28 21:20:58, 25.9, 0.0, 9.0, 0.0, 0.0, 0.0
2024-05-28 21:21:00, 26.0, 0.0, 9.0, 0.0, 0.0, 0.0
2024-05-28 21:21:02, 26.0, 0.0, 9.0, 0.0, 0.0, 0.0
2024-05-28 21:21:04, 25.9, 0.0, 9.0, 0.0, 0.0, 0.0
2024-05-28 21:21:06, 26.0, 2.9, 9.0, 0.0, 0.0, 0.0
2024-05-28 21:21:08, 25.9, 3.0, 9.0, 0.0, 0.0, 0.0
2024-05-28 21:21:10, 26.0, 0.0, 9.0, 0.0, 0.0, 0.0
2024-05-28 21:21:13, 26.0, 2.0, 9.0, 0.0, 0.0, 0.0
2024-05-28 21:21:15, 26.0, 0.0, 9.0, 0.0, 0.0, 0.0
2024-05-28 21:21:17, 26.0, 0.0, 9.0, 0.0, 0.0, 0.0
2024-05-28 21:21:19, 26.0, 0.0, 9.0, 0.0, 0.0, 0.0
2024-05-28 21:21:21, 26.0, 0.0, 9.0, 0.0, 0.0, 0.0
2024-05-28 21:21:23, 26.0, 0.0, 9.0, 0.0, 0.0, 0.0
2024-05-28 21:21:25, 26.0, 0.0, 9.0, 0.0, 0.0, 0.0
2024-05-28 21:21:27, 26.0, 0.0, 9.0, 0.0, 0.0, 0.0
2024-05-28 21:21:29, 26.0, 0.0, 9.0, 0.0, 0.0, 0.0
2024-05-28 21:21:32, 26.0, 0.0, 9.0, 0.0, 0.0, 0.0
2024-05-28 21:21:34, 26.0, 0.0, 9.0, 0.0, 0.0, 0.0
2024-05-28 21:21:36, 26.0, 0.0, 9.0, 0.0, 0.0, 0.0
2024-05-28 21:21:38, 26.0, 0.0, 9.0, 0.0, 0.0, 0.0
2024-05-28 21:21:40, 26.0, 2.5, 9.0, 0.0, 0.0, 0.0
2024-05-28 21:21:42, 26.0, 0.0, 9.0, 0.0, 0.0, 0.0
2024-05-28 21:21:44, 26.0, 2.2, 9.0, 0.0, 0.0, 0.0
2024-05-28 21:21:48, 26.0, 0.0, 9.0, 0.0, 0.0, 0.0
2024-05-28 21:21:51, 26.0, 0.0, 9.0, 0.0, 0.0, 0.0
2024-05-28 21:21:53, 26.0, 0.0, 9.0, 0.0, 0.0, 0.0
2024-05-28 21:21:55, 26.0, 2.0, 9.0, 0.0, 0.0, 0.0
2024-05-28 21:21:57, 26.0, 0.0, 9.0, 0.0, 0.0, 0.0
2024-05-28 21:21:59, 26.0, 0.0, 9.0, 0.0, 0.0, 0.0
2024-05-28 21:22:01, 26.0, 0.0, 9.0, 0.0, 0.0, 0.0
2024-05-28 21:22:03, 26.0, 0.0, 9.0, 0.0, 0.0, 0.0
2024-05-28 21:22:06, 26.0, 0.0, 9.0, 0.0, 0.0, 0.0
2024-05-28 21:22:08, 26.1, 2.4, 9.0, 0.0, 0.0, 0.0
2024-05-28 21:22:10, 26.1, 2.0, 9.0, 0.0, 0.0, 0.0
2024-05-28 21:22:12, 26.1, 0.0, 9.0, 0.0, 0.0, 0.0
2024-05-28 21:22:14, 26.1, 0.0, 9.0, 0.0, 0.0, 0.0
2024-05-28 21:22:16, 26.1, 0.0, 9.0, 0.0, 0.0, 0.0
2024-05-28 21:22:18, 26.1, 0.0, 9.0, 0.0, 0.0, 0.0
2024-05-28 21:22:20, 26.1, 0.0, 9.0, 0.0, 0.0, 0.0
2024-05-28 21:22:23, 26.1, 0.0, 9.0, 0.0, 0.0, 0.0
2024-05-28 21:22:25, 26.1, 0.0, 9.0, 0.0, 0.0, 0.0
2024-05-28 21:22:27, 26.1, 0.0, 9.0, 0.0, 0.0, 0.0
2024-05-28 21:22:29, 26.1, 0.0, 9.0, 0.0, 0.0, 0.0
2024-05-28 21:22:31, 26.1, 0.0, 9.0, 0.0, 0.0, 0.0
2024-05-28 21:22:33, 26.1, 0.0, 9.0, 0.0, 0.0, 0.0
2024-05-28 21:22:35, 26.1, 0.0, 9.0, 0.0, 0.0, 0.0
2024-05-28 21:22:37, 26.1, 0.0, 9.0, 0.0, 0.0, 0.0
2024-05-28 21:22:40, 26.1, 0.0, 9.0, 0.0, 0.0, 0.0
2024-05-28 21:22:42, 26.1, 0.0, 9.0, 0.0, 0.0, 0.0
2024-05-28 21:22:44, 26.1, 0.0, 9.0, 0.0, 0.0, 0.0
2024-05-28 21:22:46, 26.1, 0.0, 9.0, 0.0, 0.0, 0.0
2024-05-28 21:22:48, 26.2, 2.4, 9.0, 0.0, 0.0, 0.0
2024-05-28 21:22:50, 26.2, 2.3, 9.0, 0.0, 0.0, 0.0
2024-05-28 21:22:52, 26.2, 0.0, 9.0, 0.0, 0.0, 0.0
2024-05-28 21:22:54, 26.2, 0.0, 9.0, 0.0, 0.0, 0.0
2024-05-28 21:22:57, 26.2, 0.0, 9.0, 0.0, 0.0, 0.0
2024-05-28 21:22:59, 26.2, 0.0, 9.0, 0.0, 0.0, 0.0
2024-05-28 21:23:01, 26.2, 0.0, 9.0, 0.0, 0.0, 0.0
2024-05-28 21:23:05, 26.2, 0.0, 9.0, 0.0, 0.0, 0.0
2024-05-28 21:23:09, 26.2, 2.1, 9.0, 0.0, 0.0, 0.0
2024-05-28 21:23:13, 26.3, 2.3, 9.0, 0.0, 0.0, 0.0
2024-05-28 21:23:15, 26.2, 0.0, 9.0, 0.0, 0.0, 0.0
2024-05-28 21:23:18, 26.2, 0.0, 9.0, 0.0, 0.0, 0.0
2024-05-28 21:23:20, 26.2, 2.5, 9.0, 0.0, 0.0, 0.0
2024-05-28 21:23:22, 26.3, 2.1, 9.0, 0.0, 0.0, 0.0
2024-05-28 21:23:24, 26.2, 0.0, 9.0, 0.0, 0.0, 0.0
2024-05-28 21:23:26, 26.3, 0.0, 9.0, 0.0, 0.0, 0.0
2024-05-28 21:23:28, 26.3, 0.0, 9.0, 0.0, 0.0, 0.0
2024-05-28 21:23:30, 26.3, 0.0, 9.0, 0.0, 0.0, 0.0
2024-05-28 21:23:32, 26.3, 0.0, 9.0, 0.0, 0.0, 0.0
2024-05-28 21:23:35, 26.3, 2.0, 9.0, 0.0, 0.0, 0.0
2024-05-28 21:23:37, 26.3, 0.0, 9.0, 0.0, 0.0, 0.0
2024-05-28 21:23:39, 26.3, 0.0, 9.0, 0.0, 0.0, 0.0
2024-05-28 21:23:41, 26.3, 2.0, 9.0, 0.0, 0.0, 0.0
2024-05-28 21:23:43, 26.3, 0.0, 9.0, 0.0, 0.0, 0.0
2024-05-28 21:23:45, 26.3, 0.0, 9.0, 0.0, 0.0, 0.0
2024-05-28 21:23:47, 26.3, 0.0, 9.0, 0.0, 0.0, 0.0
2024-05-28 21:23:49, 26.3, 0.0, 9.0, 0.0, 0.0, 0.0
2024-05-28 21:23:51, 26.3, 2.0, 9.0, 0.0, 0.0, 0.0
2024-05-28 21:23:54, 26.3, 0.0, 9.0, 0.0, 0.0, 0.0
2024-05-28 21:23:56, 26.3, 0.0, 9.0, 0.0, 0.0, 0.0
2024-05-28 21:23:58, 26.3, 2.3, 9.0, 0.0, 0.0, 0.0
2024-05-28 21:24:00, 26.4, 0.0, 9.0, 0.0, 0.0, 0.0
2024-05-28 21:24:02, 26.4, 0.0, 9.0, 0.0, 0.0, 0.0
2024-05-28 21:24:04, 26.4, 0.0, 9.0, 0.0, 0.0, 0.0
2024-05-28 21:24:06, 26.4, 0.0, 9.0, 0.0, 0.0, 0.0
2024-05-28 21:24:08, 26.4, 0.0, 9.0, 0.0, 0.0, 0.0
2024-05-28 21:24:10, 26.4, 2.2, 9.0, 0.0, 0.0, 0.0
2024-05-28 21:24:13, 26.4, 0.0, 9.0, 0.0, 0.0, 0.0
2024-05-28 21:24:15, 26.5, 0.0, 9.0, 0.0, 0.0, 0.0
2024-05-28 21:24:17, 26.4, 0.0, 9.0, 0.0, 0.0, 0.0
2024-05-28 21:24:19, 26.4, 2.8, 9.0, 0.0, 0.0, 0.0
2024-05-28 21:24:21, 26.4, 0.0, 9.0, 0.0, 0.0, 0.0
2024-05-28 21:24:23, 26.4, 0.0, 9.0, 0.0, 0.0, 0.0
2024-05-28 21:24:25, 26.4, 0.0, 9.0, 0.0, 0.0, 0.0
2024-05-28 21:24:27, 26.4, 0.0, 9.0, 0.0, 0.0, 0.0
2024-05-28 21:24:30, 26.4, 2.2, 9.0, 0.0, 0.0, 0.0
2024-05-28 21:24:32, 26.4, 2.4, 9.0, 0.0, 0.0, 0.0
2024-05-28 21:24:34, 26.4, 0.0, 9.0, 0.0, 0.0, 0.0
2024-05-28 21:24:36, 26.4, 2.2, 9.0, 0.0, 0.0, 0.0
2024-05-28 21:24:38, 26.4, 0.0, 9.0, 0.0, 0.0, 0.0
2024-05-28 21:24:40, 26.4, 2.0, 9.0, 0.0, 0.0, 0.0
2024-05-28 21:24:42, 26.4, 2.0, 9.0, 0.0, 0.0, 0.0
2024-05-28 21:24:44, 26.5, 0.0, 9.0, 0.0, 0.0, 0.0
2024-05-28 21:24:47, 26.4, 0.0, 9.0, 0.0, 0.0, 0.0
2024-05-28 21:24:49, 26.5, 0.0, 9.0, 0.0, 0.0, 0.0
2024-05-28 21:24:51, 26.4, 2.0, 9.0, 0.0, 0.0, 0.0
2024-05-28 21:24:53, 26.5, 2.5, 9.0, 0.0, 0.0, 0.0
2024-05-28 21:24:55, 26.5, 2.8, 9.0, 0.0, 0.0, 0.0
2024-05-28 21:24:57, 26.5, 0.0, 9.0, 0.0, 0.0, 0.0
2024-05-28 21:24:59, 26.5, 0.0, 9.0, 0.0, 0.0, 0.0
2024-05-28 21:25:01, 26.5, 0.0, 9.0, 0.0, 0.0, 0.0
2024-05-28 21:25:04, 26.5, 0.0, 9.0, 0.0, 0.0, 0.0
2024-05-28 21:25:06, 26.5, 0.0, 9.0, 0.0, 0.0, 0.0
2024-05-28 21:25:08, 26.5, 2.2, 9.0, 0.0, 0.0, 0.0
2024-05-28 21:25:10, 26.5, 2.4, 9.0, 0.0, 0.0, 0.0
2024-05-28 21:25:12, 26.5, 0.0, 9.0, 0.0, 0.0, 0.0
2024-05-28 21:25:14, 26.5, 2.2, 9.0, 0.0, 0.0, 0.0
2024-05-28 21:25:16, 26.5, 2.5, 9.0, 0.0, 0.0, 0.0
2024-05-28 21:25:18, 26.5, 2.0, 9.0, 0.0, 0.0, 0.0
2024-05-28 21:25:21, 26.5, 0.0, 9.0, 0.0, 0.0, 0.0
2024-05-28 21:25:23, 26.5, 2.0, 9.0, 0.0, 0.0, 0.0
2024-05-28 21:25:25, 26.5, 0.0, 9.0, 0.0, 0.0, 0.0
2024-05-28 21:25:27, 26.5, 2.1, 9.0, 0.0, 0.0, 0.0
2024-05-28 21:25:29, 26.5, 0.0, 9.0, 0.0, 0.0, 0.0
2024-05-28 21:25:31, 26.5, 0.0, 9.0, 0.0, 0.0, 0.0
2024-05-28 21:25:33, 26.5, 0.0, 9.0, 0.0, 0.0, 0.0
2024-05-28 21:25:35, 26.5, 0.0, 9.0, 0.0, 0.0, 0.0
2024-05-28 21:25:38, 26.5, 0.0, 9.0, 0.0, 0.0, 0.0
2024-05-28 21:25:40, 26.5, 0.0, 9.0, 0.0, 0.0, 0.0
2024-05-28 21:25:42, 26.6, 2.2, 9.0, 0.0, 0.0, 0.0
2024-05-28 21:25:44, 26.5, 0.0, 9.0, 0.0, 0.0, 0.0
2024-05-28 21:25:46, 26.6, 0.0, 9.0, 0.0, 0.0, 0.0
2024-05-28 21:25:48, 26.6, 2.3, 9.0, 0.0, 0.0, 0.0
2024-05-28 21:25:52, 26.6, 2.0, 9.0, 0.0, 0.0, 0.0
2024-05-28 21:25:55, 26.6, 0.0, 9.0, 0.0, 0.0, 0.0
2024-05-28 21:25:57, 26.6, 0.0, 9.0, 0.0, 0.0, 0.0
2024-05-28 21:25:59, 26.6, 0.0, 9.0, 0.0, 0.0, 0.0
2024-05-28 21:26:01, 26.6, 2.0, 9.0, 0.0, 0.0, 0.0
2024-05-28 21:26:03, 26.6, 2.5, 9.0, 0.0, 0.0, 0.0
2024-05-28 21:26:05, 26.6, 0.0, 9.0, 0.0, 0.0, 0.0
2024-05-28 21:26:07, 26.6, 2.5, 9.0, 0.0, 0.0, 0.0
2024-05-28 21:26:09, 26.6, 0.0, 9.0, 0.0, 0.0, 0.0
2024-05-28 21:26:12, 26.6, 0.0, 9.0, 0.0, 0.0, 0.0
2024-05-28 21:26:14, 26.6, 0.0, 9.0, 0.0, 0.0, 0.0
2024-05-28 21:26:16, 26.6, 0.0, 9.0, 0.0, 0.0, 0.0
2024-05-28 21:26:18, 26.6, 0.0, 9.0, 0.0, 0.0, 0.0
2024-05-28 21:26:20, 26.6, 0.0, 9.0, 0.0, 0.0, 0.0
2024-05-28 21:26:22, 26.6, 0.0, 9.0, 0.0, 0.0, 0.0
2024-05-28 21:26:24, 26.6, 0.0, 9.0, 0.0, 0.0, 0.0
2024-05-28 21:26:26, 26.6, 0.0, 9.0, 0.0, 0.0, 0.0
2024-05-28 21:26:29, 26.6, 0.0, 9.0, 0.0, 0.0, 0.0
2024-05-28 21:26:31, 26.6, 0.0, 9.0, 0.0, 0.0, 0.0
2024-05-28 21:26:33, 26.6, 0.0, 9.0, 0.0, 0.0, 0.0
2024-05-28 21:26:35, 26.6, 2.0, 9.0, 0.0, 0.0, 0.0
2024-05-28 21:26:37, 26.6, 0.0, 9.0, 0.0, 0.0, 0.0
2024-05-28 21:26:39, 26.7, 0.0, 9.0, 0.0, 0.0, 0.0
2024-05-28 21:26:41, 26.7, 0.0, 9.0, 0.0, 0.0, 0.0
2024-05-28 21:26:43, 26.7, 0.0, 9.0, 0.0, 0.0, 0.0
2024-05-28 21:26:46, 26.7, 0.0, 9.0, 0.0, 0.0, 0.0
2024-05-28 21:26:48, 26.6, 0.0, 9.0, 0.0, 0.0, 0.0
2024-05-28 21:26:50, 26.6, 0.0, 9.0, 0.0, 0.0, 0.0
2024-05-28 21:26:52, 26.6, 0.0, 9.0, 0.0, 0.0, 0.0
2024-05-28 21:26:54, 26.6, 0.0, 9.0, 0.0, 0.0, 0.0
2024-05-28 21:26:56, 26.6, 0.0, 9.0, 0.0, 0.0, 0.0
2024-05-28 21:26:58, 26.6, 2.0, 9.0, 0.0, 0.0, 0.0
2024-05-28 21:27:00, 26.7, 0.0, 9.0, 0.0, 0.0, 0.0
2024-05-28 21:27:02, 26.7, 0.0, 9.0, 0.0, 0.0, 0.0
2024-05-28 21:27:05, 26.7, 0.0, 9.0, 0.0, 0.0, 0.0
2024-05-28 21:27:07, 26.6, 2.4, 9.0, 0.0, 0.0, 0.0
2024-05-28 21:27:09, 26.7, 0.0, 9.0, 0.0, 0.0, 0.0
2024-05-28 21:27:11, 26.7, 0.0, 9.0, 0.0, 0.0, 0.0
2024-05-28 21:27:13, 26.6, 0.0, 9.0, 0.0, 0.0, 0.0
2024-05-28 21:27:15, 26.6, 0.0, 9.0, 0.0, 0.0, 0.0
2024-05-28 21:27:17, 26.7, 2.8, 9.0, 0.0, 0.0, 0.0
2024-05-28 21:27:22, 26.7, 0.0, 9.0, 0.0, 0.0, 0.0
2024-05-28 21:27:26, 26.7, 0.0, 9.0, 0.0, 0.0, 0.0
2024-05-28 21:27:30, 26.7, 2.9, 9.0, 0.0, 0.0, 0.0
2024-05-28 21:27:32, 26.7, 2.0, 9.0, 0.0, 0.0, 0.0
2024-05-28 21:27:34, 26.7, 0.0, 9.0, 0.0, 0.0, 0.0
2024-05-28 21:27:36, 26.7, 0.0, 9.0, 0.0, 0.0, 0.0
2024-05-28 21:27:38, 26.7, 2.4, 9.0, 0.0, 0.0, 0.0
2024-05-28 21:27:40, 26.7, 0.0, 9.0, 0.0, 0.0, 0.0
2024-05-28 21:27:42, 26.7, 2.0, 9.0, 0.0, 0.0, 0.0
2024-05-28 21:27:45, 26.7, 2.5, 9.0, 0.0, 0.0, 0.0
2024-05-28 21:27:47, 26.7, 0.0, 9.0, 0.0, 0.0, 0.0
2024-05-28 21:27:49, 26.7, 0.0, 9.0, 0.0, 0.0, 0.0
2024-05-28 21:27:51, 26.7, 0.0, 9.0, 0.0, 0.0, 0.0
2024-05-28 21:27:53, 26.7, 2.5, 9.0, 0.0, 0.0, 0.0
2024-05-28 21:27:55, 26.7, 0.0, 9.0, 0.0, 0.0, 0.0
2024-05-28 21:27:57, 26.7, 0.0, 9.0, 0.0, 0.0, 0.0
2024-05-28 21:28:00, 26.8, 0.0, 9.0, 0.0, 0.0, 0.0
2024-05-28 21:28:02, 26.8, 0.0, 9.0, 0.0, 0.0, 0.0
2024-05-28 21:28:04, 26.7, 0.0, 9.0, 0.0, 0.0, 0.0
2024-05-28 21:28:06, 26.8, 0.0, 9.0, 0.0, 0.0, 0.0
2024-05-28 21:28:08, 26.8, 2.4, 9.0, 0.0, 0.0, 0.0
2024-05-28 21:28:10, 26.8, 2.5, 9.0, 0.0, 0.0, 0.0
2024-05-28 21:28:12, 26.8, 0.0, 9.0, 0.0, 0.0, 0.0
2024-05-28 21:28:14, 26.8, 0.0, 9.0, 0.0, 0.0, 0.0
2024-05-28 21:28:16, 26.8, 0.0, 9.0, 0.0, 0.0, 0.0
2024-05-28 21:28:19, 26.8, 2.5, 9.0, 0.0, 0.0, 0.0
2024-05-28 21:28:21, 26.8, 0.0, 9.0, 0.0, 0.0, 0.0
2024-05-28 21:28:23, 26.8, 2.5, 9.0, 0.0, 0.0, 0.0
2024-05-28 21:28:25, 26.8, 0.0, 9.0, 0.0, 0.0, 0.0
2024-05-28 21:28:27, 26.8, 0.0, 9.0, 0.0, 0.0, 0.0
2024-05-28 21:28:29, 26.8, 2.8, 9.0, 0.0, 0.0, 0.0
2024-05-28 21:28:31, 26.8, 0.0, 9.0, 0.0, 0.0, 0.0
2024-05-28 21:28:33, 26.8, 0.0, 9.0, 0.0, 0.0, 0.0
2024-05-28 21:28:36, 26.8, 2.2, 9.0, 0.0, 0.0, 0.0
2024-05-28 21:28:38, 26.8, 0.0, 9.0, 0.0, 0.0, 0.0
2024-05-28 21:28:40, 26.8, 0.0, 9.0, 0.0, 0.0, 0.0
2024-05-28 21:28:42, 26.8, 0.0, 9.0, 0.0, 0.0, 0.0
2024-05-28 21:28:44, 26.8, 0.0, 9.0, 0.0, 0.0, 0.0
2024-05-28 21:28:46, 26.8, 0.0, 9.0, 0.0, 0.0, 0.0
2024-05-28 21:28:48, 26.8, 0.0, 9.0, 0.0, 0.0, 0.0
2024-05-28 21:28:51, 26.8, 0.0, 9.0, 0.0, 0.0, 0.0
2024-05-28 21:28:53, 26.8, 2.0, 9.0, 0.0, 0.0, 0.0
2024-05-28 21:28:55, 26.8, 0.0, 9.0, 0.0, 0.0, 0.0
2024-05-28 21:28:57, 26.8, 0.0, 9.0, 0.0, 0.0, 0.0
2024-05-28 21:28:59, 26.8, 0.0, 9.0, 0.0, 0.0, 0.0
2024-05-28 21:29:01, 26.8, 0.0, 9.0, 0.0, 0.0, 0.0
2024-05-28 21:29:03, 26.8, 0.0, 9.0, 0.0, 0.0, 0.0
2024-05-28 21:29:05, 26.8, 0.0, 9.0, 0.0, 0.0, 0.0
2024-05-28 21:29:08, 26.8, 2.8, 9.0, 0.0, 0.0, 0.0
2024-05-28 21:29:10, 26.8, 3.4, 9.0, 0.0, 0.0, 0.0
2024-05-28 21:29:12, 26.8, 2.8, 9.0, 0.0, 0.0, 0.0
2024-05-28 21:29:14, 26.8, 3.1, 9.0, 0.0, 0.0, 0.0
2024-05-28 21:29:16, 26.8, 0.0, 9.0, 0.0, 0.0, 0.0
2024-05-28 21:29:18, 26.8, 0.0, 9.0, 0.0, 0.0, 0.0
2024-05-28 21:29:20, 26.8, 0.0, 9.0, 0.0, 0.0, 0.0
2024-05-28 21:29:22, 26.8, 0.0, 9.0, 0.0, 0.0, 0.0
2024-05-28 21:29:25, 26.8, 0.0, 9.0, 0.0, 0.0, 0.0
2024-05-28 21:29:27, 26.8, 0.0, 9.0, 0.0, 0.0, 0.0
2024-05-28 21:29:29, 26.8, 0.0, 9.0, 0.0, 0.0, 0.0
2024-05-28 21:29:31, 26.8, 0.0, 9.0, 0.0, 0.0, 0.0
2024-05-28 21:29:33, 26.8, 2.0, 9.0, 0.0, 0.0, 0.0
2024-05-28 21:29:35, 26.8, 2.0, 9.0, 0.0, 0.0, 0.0
2024-05-28 21:29:37, 26.8, 0.0, 9.0, 0.0, 0.0, 0.0
2024-05-28 21:29:39, 26.8, 2.5, 9.0, 0.0, 0.0, 0.0
2024-05-28 21:29:41, 26.8, 2.0, 9.0, 0.0, 0.0, 0.0
2024-05-28 21:29:44, 26.8, 2.1, 9.0, 0.0, 0.0, 0.0
2024-05-28 21:29:46, 26.8, 0.0, 9.0, 0.0, 0.0, 0.0
2024-05-28 21:29:48, 26.8, 0.0, 9.0, 0.0, 0.0, 0.0
2024-05-28 21:29:50, 26.8, 0.0, 9.0, 0.0, 0.0, 0.0
2024-05-28 21:29:52, 26.8, 2.4, 9.0, 0.0, 0.0, 0.0
2024-05-28 21:29:54, 26.8, 0.0, 9.0, 0.0, 0.0, 0.0
2024-05-28 21:29:56, 26.8, 0.0, 9.0, 0.0, 0.0, 0.0
2024-05-28 21:29:58, 26.8, 2.3, 9.0, 0.0, 0.0, 0.0
2024-05-28 21:30:01, 26.8, 2.0, 9.0, 0.0, 0.0, 0.0
2024-05-28 21:30:03, 26.8, 2.2, 9.0, 0.0, 0.0, 0.0
2024-05-28 21:30:05, 26.8, 0.0, 9.0, 0.0, 0.0, 0.0
2024-05-28 21:30:07, 26.8, 0.0, 9.0, 0.0, 0.0, 0.0
2024-05-28 21:30:09, 26.8, 0.0, 9.0, 0.0, 0.0, 0.0
2024-05-28 21:30:11, 26.8, 2.2, 9.0, 0.0, 0.0, 0.0
2024-05-28 21:30:13, 26.8, 0.0, 9.0, 0.0, 0.0, 0.0
2024-05-28 21:30:15, 26.8, 0.0, 9.0, 0.0, 0.0, 0.0
2024-05-28 21:30:17, 26.8, 2.0, 9.0, 0.0, 0.0, 0.0
2024-05-28 21:30:20, 26.8, 0.0, 9.0, 0.0, 0.0, 0.0
2024-05-28 21:30:22, 26.9, 0.0, 9.0, 0.0, 0.0, 0.0
2024-05-28 21:30:24, 26.8, 2.0, 9.0, 0.0, 0.0, 0.0
2024-05-28 21:30:26, 26.8, 0.0, 9.0, 0.0, 0.0, 0.0
2024-05-28 21:30:28, 26.8, 0.0, 9.0, 0.0, 0.0, 0.0
2024-05-28 21:30:30, 26.9, 0.0, 9.0, 0.0, 0.0, 0.0
2024-05-28 21:30:32, 26.8, 0.0, 9.0, 0.0, 0.0, 0.0
2024-05-28 21:30:35, 26.9, 0.0, 9.0, 0.0, 0.0, 0.0
2024-05-28 21:30:37, 26.9, 0.0, 9.0, 0.0, 0.0, 0.0
2024-05-28 21:30:39, 26.9, 2.0, 9.0, 0.0, 0.0, 0.0
2024-05-28 21:30:41, 26.9, 2.4, 9.0, 0.0, 0.0, 0.0
2024-05-28 21:30:45, 26.9, 0.0, 9.0, 0.0, 0.0, 0.0
2024-05-28 21:30:49, 26.9, 0.0, 9.0, 0.0, 0.0, 0.0
2024-05-28 21:30:53, 26.9, 0.0, 9.0, 0.0, 0.0, 0.0
2024-05-28 21:30:57, 26.9, 0.0, 9.0, 0.0, 0.0, 0.0
2024-05-28 21:31:02, 26.9, 0.0, 9.0, 0.0, 0.0, 0.0
2024-05-28 21:31:06, 26.9, 0.0, 9.0, 0.0, 0.0, 0.0
2024-05-28 21:31:08, 26.9, 0.0, 9.0, 0.0, 0.0, 0.0
2024-05-28 21:31:10, 26.9, 0.0, 9.0, 0.0, 0.0, 0.0
2024-05-28 21:31:12, 26.9, 4.1, 9.0, 0.0, 0.0, 0.0
2024-05-28 21:31:14, 26.9, 0.0, 9.0, 0.0, 0.0, 0.0
2024-05-28 21:31:16, 26.9, 0.0, 9.0, 0.0, 0.0, 0.0
2024-05-28 21:31:18, 26.9, 2.5, 9.0, 0.0, 0.0, 0.0
2024-05-28 21:31:21, 26.9, 0.0, 9.0, 0.0, 0.0, 0.0
2024-05-28 21:31:23, 26.9, 2.2, 9.0, 0.0, 0.0, 0.0
2024-05-28 21:31:25, 26.9, 2.3, 9.0, 0.0, 0.0, 0.0
2024-05-28 21:31:27, 26.9, 0.0, 9.0, 0.0, 0.0, 0.0
2024-05-28 21:31:29, 26.9, 2.0, 9.0, 0.0, 0.0, 0.0
2024-05-28 21:31:31, 26.9, 0.0, 9.0, 0.0, 0.0, 0.0
2024-05-28 21:31:33, 26.9, 3.1, 9.0, 0.0, 0.0, 0.0
2024-05-28 21:31:35, 26.9, 2.2, 9.0, 0.0, 0.0, 0.0
2024-05-28 21:31:38, 26.9, 2.8, 9.0, 0.0, 0.0, 0.0
2024-05-28 21:31:40, 26.9, 0.0, 9.0, 0.0, 0.0, 0.0
2024-05-28 21:31:42, 26.9, 2.3, 9.0, 0.0, 0.0, 0.0
2024-05-28 21:31:44, 26.9, 0.0, 9.0, 0.0, 0.0, 0.0
2024-05-28 21:31:46, 26.9, 2.2, 9.0, 0.0, 0.0, 0.0
2024-05-28 21:31:48, 26.9, 2.0, 9.0, 0.0, 0.0, 0.0
2024-05-28 21:31:50, 26.9, 2.0, 9.0, 0.0, 0.0, 0.0
2024-05-28 21:31:52, 26.9, 2.4, 9.0, 0.0, 0.0, 0.0
2024-05-28 21:31:55, 26.9, 2.2, 9.0, 0.0, 0.0, 0.0
2024-05-28 21:31:57, 26.9, 2.0, 9.0, 0.0, 0.0, 0.0
2024-05-28 21:31:59, 26.9, 0.0, 9.0, 0.0, 0.0, 0.0
2024-05-28 21:32:01, 26.9, 0.0, 9.0, 0.0, 0.0, 0.0
2024-05-28 21:32:03, 27.0, 0.0, 9.0, 0.0, 0.0, 0.0
2024-05-28 21:32:05, 26.9, 2.3, 9.0, 0.0, 0.0, 0.0
2024-05-28 21:32:07, 26.9, 0.0, 9.0, 0.0, 0.0, 0.0
2024-05-28 21:32:09, 26.9, 0.0, 9.0, 0.0, 0.0, 0.0
2024-05-28 21:32:12, 26.9, 0.0, 9.0, 0.0, 0.0, 0.0
2024-05-28 21:32:14, 26.9, 2.4, 9.0, 0.0, 0.0, 0.0
2024-05-28 21:32:16, 26.9, 2.2, 9.0, 0.0, 0.0, 0.0
2024-05-28 21:32:18, 27.0, 0.0, 9.0, 0.0, 0.0, 0.0
2024-05-28 21:32:20, 27.0, 0.0, 9.0, 0.0, 0.0, 0.0
2024-05-28 21:32:22, 27.0, 0.0, 9.0, 0.0, 0.0, 0.0
2024-05-28 21:32:24, 27.0, 0.0, 9.0, 0.0, 0.0, 0.0
2024-05-28 21:32:27, 27.0, 0.0, 9.0, 0.0, 0.0, 0.0
2024-05-28 21:32:31, 27.0, 0.0, 9.0, 0.0, 0.0, 0.0
2024-05-28 21:32:33, 27.0, 0.0, 9.0, 0.0, 0.0, 0.0
2024-05-28 21:32:35, 27.0, 2.5, 9.0, 0.0, 0.0, 0.0
2024-05-28 21:32:37, 27.0, 0.0, 9.0, 0.0, 0.0, 0.0
2024-05-28 21:32:39, 27.1, 0.0, 9.0, 0.0, 0.0, 0.0
2024-05-28 21:32:41, 27.1, 2.0, 9.0, 0.0, 0.0, 0.0
2024-05-28 21:32:44, 27.0, 2.3, 9.0, 0.0, 0.0, 0.0
2024-05-28 21:32:46, 27.1, 2.3, 9.0, 0.0, 0.0, 0.0
2024-05-28 21:32:48, 27.1, 0.0, 9.0, 0.0, 0.0, 0.0
2024-05-28 21:32:50, 27.1, 0.0, 9.0, 0.0, 0.0, 0.0
2024-05-28 21:32:52, 27.0, 0.0, 9.0, 0.0, 0.0, 0.0
2024-05-28 21:32:54, 27.1, 0.0, 9.0, 0.0, 0.0, 0.0
2024-05-28 21:32:56, 27.0, 0.0, 9.0, 0.0, 0.0, 0.0
2024-05-28 21:32:58, 27.0, 0.0, 9.0, 0.0, 0.0, 0.0
2024-05-28 21:33:00, 27.1, 2.2, 9.0, 0.0, 0.0, 0.0
2024-05-28 21:33:03, 27.1, 2.4, 9.0, 0.0, 0.0, 0.0
2024-05-28 21:33:05, 27.1, 2.0, 9.0, 0.0, 0.0, 0.0
2024-05-28 21:33:07, 27.1, 0.0, 9.0, 0.0, 0.0, 0.0
2024-05-28 21:33:09, 27.1, 0.0, 9.0, 0.0, 0.0, 0.0
2024-05-28 21:33:11, 27.0, 0.0, 9.0, 0.0, 0.0, 0.0
2024-05-28 21:33:13, 27.1, 0.0, 9.0, 0.0, 0.0, 0.0
2024-05-28 21:33:15, 27.1, 0.0, 9.0, 0.0, 0.0, 0.0
2024-05-28 21:33:17, 27.1, 0.0, 9.0, 0.0, 0.0, 0.0
2024-05-28 21:33:20, 27.0, 0.0, 9.0, 0.0, 0.0, 0.0
2024-05-28 21:33:22, 27.0, 0.0, 9.0, 0.0, 0.0, 0.0
2024-05-28 21:33:24, 27.1, 0.0, 9.0, 0.0, 0.0, 0.0
2024-05-28 21:33:26, 27.1, 0.0, 9.0, 0.0, 0.0, 0.0
2024-05-28 21:33:28, 27.1, 2.0, 9.0, 0.0, 0.0, 0.0
2024-05-28 21:33:30, 27.1, 0.0, 9.0, 0.0, 0.0, 0.0
2024-05-28 21:33:32, 27.0, 2.8, 9.0, 0.0, 0.0, 0.0
2024-05-28 21:33:34, 27.0, 3.4, 9.0, 0.0, 0.0, 0.0
2024-05-28 21:33:36, 27.0, 0.0, 9.0, 0.0, 0.0, 0.0
2024-05-28 21:33:39, 27.1, 0.0, 9.0, 0.0, 0.0, 0.0
2024-05-28 21:33:41, 27.0, 0.0, 9.0, 0.0, 0.0, 0.0
2024-05-28 21:33:43, 27.1, 0.0, 9.0, 0.0, 0.0, 0.0
2024-05-28 21:33:45, 27.1, 0.0, 9.0, 0.0, 0.0, 0.0
2024-05-28 21:33:47, 27.1, 0.0, 9.0, 0.0, 0.0, 0.0
2024-05-28 21:33:49, 27.1, 2.3, 9.0, 0.0, 0.0, 0.0
2024-05-28 21:33:51, 27.1, 0.0, 9.0, 0.0, 0.0, 0.0
2024-05-28 21:33:54, 27.1, 0.0, 9.0, 0.0, 0.0, 0.0
2024-05-28 21:33:56, 27.1, 0.0, 9.0, 0.0, 0.0, 0.0
2024-05-28 21:33:58, 27.1, 0.0, 9.0, 0.0, 0.0, 0.0
2024-05-28 21:34:00, 27.1, 0.0, 9.0, 0.0, 0.0, 0.0
2024-05-28 21:34:02, 27.1, 0.0, 9.0, 0.0, 0.0, 0.0
2024-05-28 21:34:04, 27.1, 0.0, 9.0, 0.0, 0.0, 0.0
2024-05-28 21:34:06, 27.1, 0.0, 9.0, 0.0, 0.0, 0.0
2024-05-28 21:34:08, 27.0, 0.0, 9.0, 0.0, 0.0, 0.0
2024-05-28 21:34:11, 27.1, 0.0, 9.0, 0.0, 0.0, 0.0
2024-05-28 21:34:13, 27.1, 0.0, 9.0, 0.0, 0.0, 0.0
2024-05-28 21:34:15, 27.1, 2.7, 9.0, 0.0, 0.0, 0.0
2024-05-28 21:34:17, 27.1, 0.0, 9.0, 0.0, 0.0, 0.0
2024-05-28 21:34:19, 27.1, 0.0, 9.0, 0.0, 0.0, 0.0
2024-05-28 21:34:21, 27.1, 0.0, 9.0, 0.0, 0.0, 0.0
2024-05-28 21:34:23, 27.1, 0.0, 9.0, 0.0, 0.0, 0.0
2024-05-28 21:34:25, 27.1, 2.0, 9.0, 0.0, 0.0, 0.0
2024-05-28 21:34:28, 27.1, 0.0, 9.0, 0.0, 0.0, 0.0
2024-05-28 21:34:30, 27.1, 0.0, 9.0, 0.0, 0.0, 0.0
2024-05-28 21:34:34, 27.1, 0.0, 9.0, 0.0, 0.0, 0.0
2024-05-28 21:34:38, 27.1, 0.0, 9.0, 0.0, 0.0, 0.0
2024-05-28 21:34:42, 27.1, 2.0, 9.0, 0.0, 0.0, 0.0
2024-05-28 21:34:44, 27.1, 0.0, 9.0, 0.0, 0.0, 0.0
2024-05-28 21:34:48, 27.1, 0.0, 9.0, 0.0, 0.0, 0.0
2024-05-28 21:34:53, 27.2, 0.0, 9.0, 0.0, 0.0, 0.0
2024-05-28 21:34:57, 27.1, 0.0, 9.0, 0.0, 0.0, 0.0
2024-05-28 21:35:03, 27.2, 0.0, 9.0, 0.0, 0.0, 0.0
2024-05-28 21:35:05, 27.2, 2.0, 9.0, 0.0, 0.0, 0.0
2024-05-28 21:35:07, 27.1, 2.0, 9.0, 0.0, 0.0, 0.0
2024-05-28 21:35:11, 27.1, 0.0, 9.0, 0.0, 0.0, 0.0
2024-05-28 21:35:13, 27.1, 2.3, 9.0, 0.0, 0.0, 0.0
2024-05-28 21:35:15, 27.2, 0.0, 9.0, 0.0, 0.0, 0.0
2024-05-28 21:35:18, 27.1, 0.0, 9.0, 0.0, 0.0, 0.0
2024-05-28 21:35:20, 27.2, 0.0, 9.0, 0.0, 0.0, 0.0
2024-05-28 21:35:22, 27.2, 2.3, 9.0, 0.0, 0.0, 0.0
2024-05-28 21:35:24, 27.2, 0.0, 9.0, 0.0, 0.0, 0.0
2024-05-28 21:35:26, 27.2, 2.3, 9.0, 0.0, 0.0, 0.0
2024-05-28 21:35:28, 27.2, 0.0, 9.0, 0.0, 0.0, 0.0
2024-05-28 21:35:30, 27.2, 0.0, 9.0, 0.0, 0.0, 0.0
2024-05-28 21:35:33, 27.2, 0.0, 9.0, 0.0, 0.0, 0.0
2024-05-28 21:35:35, 27.2, 0.0, 9.0, 0.0, 0.0, 0.0
2024-05-28 21:35:37, 27.2, 0.0, 9.0, 0.0, 0.0, 0.0
2024-05-28 21:35:39, 27.2, 0.0, 9.0, 0.0, 0.0, 0.0
2024-05-28 21:35:41, 27.2, 2.4, 9.0, 0.0, 0.0, 0.0
2024-05-28 21:35:43, 27.2, 0.0, 9.0, 0.0, 0.0, 0.0
2024-05-28 21:35:45, 27.2, 2.4, 9.0, 0.0, 0.0, 0.0
2024-05-28 21:35:48, 27.2, 0.0, 9.0, 0.0, 0.0, 0.0
2024-05-28 21:35:50, 27.2, 0.0, 9.0, 0.0, 0.0, 0.0
2024-05-28 21:35:52, 27.2, 0.0, 9.0, 0.0, 0.0, 0.0
2024-05-28 21:35:54, 27.2, 0.0, 9.0, 0.0, 0.0, 0.0
2024-05-28 21:35:56, 27.2, 0.0, 9.0, 0.0, 0.0, 0.0
2024-05-28 21:35:58, 27.2, 2.1, 9.0, 0.0, 0.0, 0.0
2024-05-28 21:36:00, 27.2, 0.0, 9.0, 0.0, 0.0, 0.0
2024-05-28 21:36:02, 27.2, 0.0, 9.0, 0.0, 0.0, 0.0
2024-05-28 21:36:04, 27.2, 2.3, 9.0, 0.0, 0.0, 0.0
2024-05-28 21:36:07, 27.2, 0.0, 9.0, 0.0, 0.0, 0.0
2024-05-28 21:36:09, 27.2, 0.0, 9.0, 0.0, 0.0, 0.0
2024-05-28 21:36:11, 27.2, 0.0, 9.0, 0.0, 0.0, 0.0
2024-05-28 21:36:13, 27.2, 0.0, 9.0, 0.0, 0.0, 0.0
2024-05-28 21:36:15, 27.2, 0.0, 9.0, 0.0, 0.0, 0.0
2024-05-28 21:36:17, 27.2, 0.0, 9.0, 0.0, 0.0, 0.0
2024-05-28 21:36:19, 27.2, 0.0, 9.0, 0.0, 0.0, 0.0
2024-05-28 21:36:21, 27.2, 0.0, 9.0, 0.0, 0.0, 0.0
2024-05-28 21:36:24, 27.2, 0.0, 9.0, 0.0, 0.0, 0.0
2024-05-28 21:36:26, 27.2, 0.0, 9.0, 0.0, 0.0, 0.0
2024-05-28 21:36:28, 27.2, 0.0, 9.0, 0.0, 0.0, 0.0
2024-05-28 21:36:30, 27.2, 0.0, 9.0, 0.0, 0.0, 0.0
2024-05-28 21:36:32, 27.2, 0.0, 9.0, 0.0, 0.0, 0.0
2024-05-28 21:36:34, 27.1, 0.0, 9.0, 0.0, 0.0, 0.0
2024-05-28 21:36:36, 27.2, 0.0, 9.0, 0.0, 0.0, 0.0
2024-05-28 21:36:38, 27.1, 0.0, 9.0, 0.0, 0.0, 0.0
2024-05-28 21:36:40, 27.2, 0.0, 9.0, 0.0, 0.0, 0.0
2024-05-28 21:36:43, 27.2, 0.0, 9.0, 0.0, 0.0, 0.0
2024-05-28 21:36:45, 27.2, 2.2, 9.0, 0.0, 0.0, 0.0
2024-05-28 21:36:47, 27.2, 0.0, 9.0, 0.0, 0.0, 0.0
2024-05-28 21:36:49, 27.1, 0.0, 9.0, 0.0, 0.0, 0.0
2024-05-28 21:36:51, 27.1, 2.8, 9.0, 0.0, 0.0, 0.0
2024-05-28 21:36:53, 27.1, 0.0, 9.0, 0.0, 0.0, 0.0
2024-05-28 21:36:55, 27.1, 0.0, 9.0, 0.0, 0.0, 0.0
2024-05-28 21:36:57, 27.0, 0.0, 9.0, 0.0, 0.0, 0.0
2024-05-28 21:36:59, 27.0, 0.0, 9.0, 0.0, 0.0, 0.0
2024-05-28 21:37:02, 27.0, 2.0, 9.0, 0.0, 0.0, 0.0
2024-05-28 21:37:04, 27.0, 2.3, 9.0, 0.0, 0.0, 0.0
2024-05-28 21:37:06, 27.0, 0.0, 9.0, 0.0, 0.0, 0.0
2024-05-28 21:37:08, 27.0, 0.0, 9.0, 0.0, 0.0, 0.0
2024-05-28 21:37:10, 27.0, 0.0, 9.0, 0.0, 0.0, 0.0
2024-05-28 21:37:12, 27.0, 0.0, 9.0, 0.0, 0.0, 0.0
2024-05-28 21:37:14, 27.0, 0.0, 9.0, 0.0, 0.0, 0.0
2024-05-28 21:37:16, 27.0, 2.0, 9.0, 0.0, 0.0, 0.0
2024-05-28 21:37:19, 27.0, 0.0, 9.0, 0.0, 0.0, 0.0
2024-05-28 21:37:21, 27.0, 0.0, 9.0, 0.0, 0.0, 0.0
2024-05-28 21:37:23, 27.0, 2.2, 9.0, 0.0, 0.0, 0.0
2024-05-28 21:37:25, 27.0, 0.0, 9.0, 0.0, 0.0, 0.0
2024-05-28 21:37:27, 27.0, 0.0, 9.0, 0.0, 0.0, 0.0
2024-05-28 21:37:29, 27.0, 3.1, 9.0, 0.0, 0.0, 0.0
2024-05-28 21:37:31, 27.0, 0.0, 9.0, 0.0, 0.0, 0.0
2024-05-28 21:37:33, 27.0, 0.0, 9.0, 0.0, 0.0, 0.0
2024-05-28 21:37:36, 27.1, 0.0, 9.0, 0.0, 0.0, 0.0
2024-05-28 21:37:38, 27.0, 0.0, 9.0, 0.0, 0.0, 0.0
2024-05-28 21:37:40, 27.1, 2.2, 9.0, 0.0, 0.0, 0.0
2024-05-28 21:37:42, 27.0, 0.0, 9.0, 0.0, 0.0, 0.0
2024-05-28 21:37:44, 27.0, 2.4, 9.0, 0.0, 0.0, 0.0
2024-05-28 21:37:46, 27.1, 2.2, 9.0, 0.0, 0.0, 0.0
2024-05-28 21:37:48, 27.1, 0.0, 9.0, 0.0, 0.0, 0.0
2024-05-28 21:37:50, 27.1, 0.0, 9.0, 0.0, 0.0, 0.0
2024-05-28 21:37:53, 27.1, 2.2, 9.0, 0.0, 0.0, 0.0
2024-05-28 21:37:55, 27.1, 0.0, 9.0, 0.0, 0.0, 0.0
2024-05-28 21:37:57, 27.1, 2.3, 9.0, 0.0, 0.0, 0.0
2024-05-28 21:37:59, 27.1, 4.2, 9.0, 0.0, 0.0, 0.0
2024-05-28 21:38:01, 27.1, 2.0, 9.0, 0.0, 0.0, 0.0
2024-05-28 21:38:03, 27.1, 2.3, 9.0, 0.0, 0.0, 0.0
2024-05-28 21:38:08, 27.1, 2.3, 9.0, 0.0, 0.0, 0.0
2024-05-28 21:38:12, 27.1, 0.0, 9.0, 0.0, 0.0, 0.0
2024-05-28 21:38:16, 27.1, 2.4, 9.0, 0.0, 0.0, 0.0
2024-05-28 21:38:20, 27.1, 0.0, 9.0, 0.0, 0.0, 0.0
2024-05-28 21:38:22, 27.1, 0.0, 9.0, 0.0, 0.0, 0.0
2024-05-28 21:38:24, 27.2, 0.0, 9.0, 0.0, 0.0, 0.0
2024-05-28 21:38:26, 27.1, 0.0, 9.0, 0.0, 0.0, 0.0
2024-05-28 21:38:29, 27.1, 0.0, 9.0, 0.0, 0.0, 0.0
2024-05-28 21:38:31, 27.1, 0.0, 9.0, 0.0, 0.0, 0.0
2024-05-28 21:38:33, 27.1, 2.4, 9.0, 0.0, 0.0, 0.0
2024-05-28 21:38:35, 27.0, 0.0, 9.0, 0.0, 0.0, 0.0
2024-05-28 21:38:37, 27.1, 0.0, 9.0, 0.0, 0.0, 0.0
2024-05-28 21:38:39, 27.1, 0.0, 9.0, 0.0, 0.0, 0.0
2024-05-28 21:38:41, 27.0, 0.0, 9.0, 0.0, 0.0, 0.0
2024-05-28 21:38:43, 27.1, 0.0, 9.0, 0.0, 0.0, 0.0
2024-05-28 21:38:45, 27.0, 2.0, 9.0, 0.0, 0.0, 0.0
2024-05-28 21:38:48, 27.1, 0.0, 9.0, 0.0, 0.0, 0.0
2024-05-28 21:38:50, 27.1, 2.2, 9.0, 0.0, 0.0, 0.0
2024-05-28 21:38:52, 27.1, 0.0, 9.0, 0.0, 0.0, 0.0
2024-05-28 21:38:54, 27.1, 0.0, 9.0, 0.0, 0.0, 0.0
2024-05-28 21:38:56, 27.1, 0.0, 9.0, 0.0, 0.0, 0.0
2024-05-28 21:38:58, 27.1, 0.0, 9.0, 0.0, 0.0, 0.0
2024-05-28 21:39:00, 27.2, 0.0, 9.0, 0.0, 0.0, 0.0
2024-05-28 21:39:02, 27.1, 0.0, 9.0, 0.0, 0.0, 0.0
2024-05-28 21:39:05, 27.1, 0.0, 9.0, 0.0, 0.0, 0.0
2024-05-28 21:39:07, 27.1, 2.5, 9.0, 0.0, 0.0, 0.0
2024-05-28 21:39:09, 27.1, 2.4, 9.0, 0.0, 0.0, 0.0
2024-05-28 21:39:11, 27.2, 0.0, 9.0, 0.0, 0.0, 0.0
2024-05-28 21:39:13, 27.1, 0.0, 9.0, 0.0, 0.0, 0.0
2024-05-28 21:39:15, 27.1, 2.5, 9.0, 0.0, 0.0, 0.0
2024-05-28 21:39:17, 27.1, 2.5, 9.0, 0.0, 0.0, 0.0
2024-05-28 21:39:19, 27.1, 0.0, 9.0, 0.0, 0.0, 0.0
2024-05-28 21:39:22, 27.1, 2.0, 9.0, 0.0, 0.0, 0.0
2024-05-28 21:39:24, 27.1, 0.0, 9.0, 0.0, 0.0, 0.0
2024-05-28 21:39:26, 27.1, 0.0, 9.0, 0.0, 0.0, 0.0
2024-05-28 21:39:28, 27.1, 0.0, 9.0, 0.0, 0.0, 0.0
2024-05-28 21:39:32, 27.1, 3.7, 9.0, 0.0, 0.0, 0.0
2024-05-28 21:39:36, 27.2, 2.0, 9.0, 0.0, 0.0, 0.0
2024-05-28 21:39:38, 27.2, 0.0, 9.0, 0.0, 0.0, 0.0
2024-05-28 21:39:41, 27.2, 0.0, 9.0, 0.0, 0.0, 0.0
2024-05-28 21:39:43, 27.2, 2.5, 9.0, 0.0, 0.0, 0.0
2024-05-28 21:39:45, 27.2, 0.0, 9.0, 0.0, 0.0, 0.0
2024-05-28 21:39:47, 27.2, 0.0, 9.0, 0.0, 0.0, 0.0
2024-05-28 21:39:49, 27.2, 0.0, 9.0, 0.0, 0.0, 0.0
2024-05-28 21:39:51, 27.2, 0.0, 9.0, 0.0, 0.0, 0.0
2024-05-28 21:39:53, 27.2, 0.0, 9.0, 0.0, 0.0, 0.0
2024-05-28 21:39:56, 27.2, 0.0, 9.0, 0.0, 0.0, 0.0
2024-05-28 21:39:58, 27.2, 0.0, 9.0, 0.0, 0.0, 0.0
2024-05-28 21:40:00, 27.2, 2.0, 9.0, 0.0, 0.0, 0.0
2024-05-28 21:40:02, 27.2, 0.0, 9.0, 0.0, 0.0, 0.0
2024-05-28 21:40:04, 27.2, 0.0, 9.0, 0.0, 0.0, 0.0
2024-05-28 21:40:06, 27.2, 0.0, 9.0, 0.0, 0.0, 0.0
2024-05-28 21:40:08, 27.2, 2.0, 9.0, 0.0, 0.0, 0.0
2024-05-28 21:40:10, 27.2, 2.3, 9.0, 0.0, 0.0, 0.0
2024-05-28 21:40:13, 27.2, 0.0, 9.0, 0.0, 0.0, 0.0
2024-05-28 21:40:15, 27.2, 2.0, 9.0, 0.0, 0.0, 0.0
2024-05-28 21:40:17, 27.2, 0.0, 9.0, 0.0, 0.0, 0.0
2024-05-28 21:40:19, 27.2, 0.0, 9.0, 0.0, 0.0, 0.0
2024-05-28 21:40:21, 27.2, 0.0, 9.0, 0.0, 0.0, 0.0
2024-05-28 21:40:23, 27.2, 0.0, 9.0, 0.0, 0.0, 0.0
2024-05-28 21:40:25, 27.2, 0.0, 9.0, 0.0, 0.0, 0.0
2024-05-28 21:40:28, 27.2, 0.0, 9.0, 0.0, 0.0, 0.0
2024-05-28 21:40:30, 27.2, 2.3, 9.0, 0.0, 0.0, 0.0
2024-05-28 21:40:32, 27.2, 0.0, 9.0, 0.0, 0.0, 0.0
2024-05-28 21:40:34, 27.3, 0.0, 9.0, 0.0, 0.0, 0.0
2024-05-28 21:40:36, 27.2, 2.2, 9.0, 0.0, 0.0, 0.0
2024-05-28 21:40:38, 27.2, 2.0, 9.0, 0.0, 0.0, 0.0
2024-05-28 21:40:40, 27.3, 2.5, 9.0, 0.0, 0.0, 0.0
2024-05-28 21:40:42, 27.3, 0.0, 9.0, 0.0, 0.0, 0.0
2024-05-28 21:40:45, 27.3, 2.9, 9.0, 0.0, 0.0, 0.0
2024-05-28 21:40:47, 27.3, 3.0, 9.0, 0.0, 0.0, 0.0
2024-05-28 21:40:49, 27.3, 2.3, 9.0, 0.0, 0.0, 0.0
2024-05-28 21:40:51, 27.3, 0.0, 9.0, 0.0, 0.0, 0.0
2024-05-28 21:40:53, 27.3, 0.0, 9.0, 0.0, 0.0, 0.0
2024-05-28 21:40:55, 27.2, 0.0, 9.0, 0.0, 0.0, 0.0
2024-05-28 21:40:57, 27.2, 0.0, 9.0, 0.0, 0.0, 0.0
2024-05-28 21:40:59, 27.2, 0.0, 9.0, 0.0, 0.0, 0.0
2024-05-28 21:41:01, 27.2, 0.0, 9.0, 0.0, 0.0, 0.0
2024-05-28 21:41:04, 27.2, 2.0, 9.0, 0.0, 0.0, 0.0
2024-05-28 21:41:06, 27.3, 2.5, 9.0, 0.0, 0.0, 0.0
2024-05-28 21:41:08, 27.3, 0.0, 9.0, 0.0, 0.0, 0.0
2024-05-28 21:41:10, 27.3, 0.0, 9.0, 0.0, 0.0, 0.0
2024-05-28 21:41:12, 27.3, 2.8, 9.0, 0.0, 0.0, 0.0
2024-05-28 21:41:14, 27.3, 2.0, 9.0, 0.0, 0.0, 0.0
2024-05-28 21:41:16, 27.3, 0.0, 9.0, 0.0, 0.0, 0.0
2024-05-28 21:41:18, 27.3, 2.5, 9.0, 0.0, 0.0, 0.0
2024-05-28 21:41:21, 27.4, 0.0, 9.0, 0.0, 0.0, 0.0
2024-05-28 21:41:23, 27.4, 0.0, 9.0, 0.0, 0.0, 0.0
2024-05-28 21:41:25, 27.4, 0.0, 9.0, 0.0, 0.0, 0.0
2024-05-28 21:41:27, 27.4, 0.0, 9.0, 0.0, 0.0, 0.0
2024-05-28 21:41:29, 27.4, 0.0, 9.0, 0.0, 0.0, 0.0
2024-05-28 21:41:31, 27.4, 2.0, 9.0, 0.0, 0.0, 0.0
2024-05-28 21:41:33, 27.5, 0.0, 9.0, 0.0, 0.0, 0.0
2024-05-28 21:41:36, 27.5, 0.0, 9.0, 0.0, 0.0, 0.0
2024-05-28 21:41:38, 27.5, 0.0, 9.0, 0.0, 0.0, 0.0
2024-05-28 21:41:40, 27.4, 0.0, 9.0, 0.0, 0.0, 0.0
2024-05-28 21:41:42, 27.5, 2.3, 9.0, 0.0, 0.0, 0.0
2024-05-28 21:41:44, 27.4, 0.0, 9.0, 0.0, 0.0, 0.0
2024-05-28 21:41:46, 27.4, 0.0, 9.0, 0.0, 0.0, 0.0
2024-05-28 21:41:48, 27.4, 0.0, 9.0, 0.0, 0.0, 0.0
2024-05-28 21:41:51, 27.4, 0.0, 9.0, 0.0, 0.0, 0.0
2024-05-28 21:41:53, 27.3, 0.0, 9.0, 0.0, 0.0, 0.0
2024-05-28 21:41:55, 27.3, 0.0, 9.0, 0.0, 0.0, 0.0
2024-05-28 21:41:57, 27.3, 0.0, 9.0, 0.0, 0.0, 0.0
2024-05-28 21:41:59, 27.3, 2.5, 9.0, 0.0, 0.0, 0.0
2024-05-28 21:42:01, 27.3, 0.0, 9.0, 0.0, 0.0, 0.0
2024-05-28 21:42:03, 27.2, 0.0, 9.0, 0.0, 0.0, 0.0
2024-05-28 21:42:05, 27.3, 2.4, 9.0, 0.0, 0.0, 0.0
2024-05-28 21:42:07, 27.3, 0.0, 9.0, 0.0, 0.0, 0.0
2024-05-28 21:42:10, 27.2, 0.0, 9.0, 0.0, 0.0, 0.0
2024-05-28 21:42:12, 27.2, 2.5, 9.0, 0.0, 0.0, 0.0
2024-05-28 21:42:14, 27.3, 0.0, 9.0, 0.0, 0.0, 0.0
2024-05-28 21:42:16, 27.3, 0.0, 9.0, 0.0, 0.0, 0.0
2024-05-28 21:42:18, 27.3, 0.0, 9.0, 0.0, 0.0, 0.0
2024-05-28 21:42:20, 27.3, 0.0, 9.0, 0.0, 0.0, 0.0
2024-05-28 21:42:22, 27.3, 0.0, 9.0, 0.0, 0.0, 0.0
2024-05-28 21:42:24, 27.3, 0.0, 9.0, 0.0, 0.0, 0.0
2024-05-28 21:42:27, 27.3, 0.0, 9.0, 0.0, 0.0, 0.0
2024-05-28 21:42:29, 27.2, 0.0, 9.0, 0.0, 0.0, 0.0
2024-05-28 21:42:31, 27.3, 0.0, 9.0, 0.0, 0.0, 0.0
2024-05-28 21:42:33, 27.3, 0.0, 9.0, 0.0, 0.0, 0.0
2024-05-28 21:42:35, 27.3, 0.0, 9.0, 0.0, 0.0, 0.0
2024-05-28 21:42:37, 27.3, 2.3, 9.0, 0.0, 0.0, 0.0
2024-05-28 21:42:39, 27.3, 2.0, 9.0, 0.0, 0.0, 0.0
2024-05-28 21:42:44, 27.3, 0.0, 9.0, 0.0, 0.0, 0.0
2024-05-28 21:42:48, 27.2, 0.0, 9.0, 0.0, 0.0, 0.0
2024-05-28 21:42:52, 27.2, 0.0, 9.0, 0.0, 0.0, 0.0
2024-05-28 21:42:54, 27.2, 0.0, 9.0, 0.0, 0.0, 0.0
2024-05-28 21:42:56, 27.2, 0.0, 9.0, 0.0, 0.0, 0.0
2024-05-28 21:42:58, 27.2, 0.0, 9.0, 0.0, 0.0, 0.0
2024-05-28 21:43:00, 27.2, 0.0, 9.0, 0.0, 0.0, 0.0
2024-05-28 21:43:02, 27.2, 0.0, 9.0, 0.0, 0.0, 0.0
2024-05-28 21:43:05, 27.2, 0.0, 9.0, 0.0, 0.0, 0.0
2024-05-28 21:43:07, 27.2, 0.0, 9.0, 0.0, 0.0, 0.0
2024-05-28 21:43:09, 27.2, 0.0, 9.0, 0.0, 0.0, 0.0
2024-05-28 21:43:11, 27.2, 0.0, 9.0, 0.0, 0.0, 0.0
2024-05-28 21:43:13, 27.2, 0.0, 9.0, 0.0, 0.0, 0.0
2024-05-28 21:43:15, 27.2, 0.0, 9.0, 0.0, 0.0, 0.0
2024-05-28 21:43:17, 27.2, 0.0, 9.0, 0.0, 0.0, 0.0
2024-05-28 21:43:20, 27.1, 0.0, 9.0, 0.0, 0.0, 0.0
2024-05-28 21:43:22, 27.1, 0.0, 9.0, 0.0, 0.0, 0.0
2024-05-28 21:43:24, 27.2, 0.0, 9.0, 0.0, 0.0, 0.0
2024-05-28 21:43:26, 27.2, 0.0, 9.0, 0.0, 0.0, 0.0
2024-05-28 21:43:28, 27.1, 0.0, 9.0, 0.0, 0.0, 0.0
2024-05-28 21:43:30, 27.1, 2.0, 9.0, 0.0, 0.0, 0.0
2024-05-28 21:43:32, 27.1, 2.2, 9.0, 0.0, 0.0, 0.0
2024-05-28 21:43:34, 27.1, 0.0, 9.0, 0.0, 0.0, 0.0
2024-05-28 21:43:37, 27.2, 0.0, 9.0, 0.0, 0.0, 0.0
2024-05-28 21:43:39, 27.1, 2.0, 9.0, 0.0, 0.0, 0.0
2024-05-28 21:43:41, 27.1, 2.0, 9.0, 0.0, 0.0, 0.0
2024-05-28 21:43:43, 27.1, 2.2, 9.0, 0.0, 0.0, 0.0
2024-05-28 21:43:45, 27.1, 2.5, 9.0, 0.0, 0.0, 0.0
2024-05-28 21:43:47, 27.1, 2.0, 9.0, 0.0, 0.0, 0.0
2024-05-28 21:43:49, 27.1, 2.2, 9.0, 0.0, 0.0, 0.0
2024-05-28 21:43:52, 27.1, 2.0, 9.0, 0.0, 0.0, 0.0
2024-05-28 21:43:54, 27.1, 2.2, 9.0, 0.0, 0.0, 0.0
2024-05-28 21:43:56, 27.1, 2.3, 9.0, 0.0, 0.0, 0.0
2024-05-28 21:43:58, 27.1, 0.0, 9.0, 0.0, 0.0, 0.0
2024-05-28 21:44:00, 27.1, 0.0, 9.0, 0.0, 0.0, 0.0
2024-05-28 21:44:02, 27.1, 0.0, 9.0, 0.0, 0.0, 0.0
2024-05-28 21:44:04, 27.1, 0.0, 9.0, 0.0, 0.0, 0.0
2024-05-28 21:44:06, 27.1, 0.0, 9.0, 0.0, 0.0, 0.0
2024-05-28 21:44:08, 27.0, 0.0, 9.0, 0.0, 0.0, 0.0
2024-05-28 21:44:11, 27.1, 0.0, 9.0, 0.0, 0.0, 0.0
2024-05-28 21:44:13, 27.0, 0.0, 9.0, 0.0, 0.0, 0.0
2024-05-28 21:44:15, 27.0, 2.3, 9.0, 0.0, 0.0, 0.0
2024-05-28 21:44:17, 27.0, 0.0, 9.0, 0.0, 0.0, 0.0
2024-05-28 21:44:19, 27.0, 0.0, 9.0, 0.0, 0.0, 0.0
2024-05-28 21:44:21, 27.0, 0.0, 9.0, 0.0, 0.0, 0.0
2024-05-28 21:44:23, 27.0, 0.0, 9.0, 0.0, 0.0, 0.0
2024-05-28 21:44:25, 27.0, 0.0, 9.0, 0.0, 0.0, 0.0
2024-05-28 21:44:27, 27.0, 0.0, 9.0, 0.0, 4.0, 3.2
2024-05-28 21:44:30, 27.0, 0.0, 9.0, 0.0, 0.0, 0.0
2024-05-28 21:44:32, 27.0, 0.0, 9.0, 0.0, 0.0, 0.0
2024-05-28 21:44:34, 27.2, 13.2, 9.0, 0.0, 4.1, 3.3
2024-05-28 21:44:36, 27.3, 13.4, 9.0, 0.8, 6.6, 5.8
2024-05-28 21:44:38, 27.4, 14.2, 9.0, 1.9, 9.1, 8.3
2024-05-28 21:44:40, 27.6, 14.5, 9.0, 1.9, 9.1, 8.3
2024-05-28 21:44:42, 27.6, 14.3, 9.0, 1.9, 9.1, 8.4
2024-05-28 21:44:44, 27.7, 13.7, 9.0, 1.9, 9.1, 8.4
2024-05-28 21:44:47, 27.7, 14.2, 9.0, 1.9, 9.1, 8.4
2024-05-28 21:44:49, 27.7, 13.9, 9.0, 1.9, 9.1, 8.4
2024-05-28 21:44:51, 27.8, 14.2, 9.0, 2.0, 9.2, 8.4
2024-05-28 21:44:53, 27.8, 14.1, 9.0, 2.0, 9.2, 8.4
2024-05-28 21:44:55, 27.8, 13.6, 9.0, 2.0, 9.2, 8.4
2024-05-28 21:44:57, 27.8, 14.9, 9.0, 2.0, 9.2, 8.4
2024-05-28 21:44:59, 27.8, 14.1, 9.0, 2.0, 9.2, 8.4
2024-05-28 21:45:02, 27.8, 14.4, 8.9, 2.0, 9.2, 8.4
2024-05-28 21:45:04, 27.8, 14.2, 8.9, 2.0, 9.2, 8.5
2024-05-28 21:45:06, 27.8, 14.1, 8.9, 2.0, 9.2, 8.4
2024-05-28 21:45:08, 27.8, 14.6, 8.8, 2.0, 9.2, 8.4
2024-05-28 21:45:10, 27.9, 14.7, 8.7, 2.0, 9.2, 8.5
2024-05-28 21:45:12, 27.8, 14.0, 8.7, 2.0, 9.2, 8.5
2024-05-28 21:45:14, 27.9, 14.8, 8.6, 2.0, 9.2, 8.5
2024-05-28 21:45:16, 27.9, 13.7, 8.6, 2.0, 9.2, 8.5
2024-05-28 21:45:19, 27.9, 14.1, 8.6, 2.0, 9.2, 8.5
2024-05-28 21:45:21, 27.9, 14.3, 8.6, 2.0, 9.2, 8.5
2024-05-28 21:45:23, 27.9, 13.6, 8.5, 2.0, 9.2, 8.5
